<?xml version="1.0" encoding="UTF-8"?>
<!-- Generated by org.testng.reporters.JUnitXMLReporter -->
<testsuite ignored="0" hostname="Alcodess-MacBook-Air.local" failures="0" tests="4" name="Chrome" time="0.075" errors="0" timestamp="2021-07-13T14:30:52 IST">
  <testcase classname="CronberryTestng.CronberryTestng.integration.BaseClass" name="@BeforeSuite login" time="-1.626166847746E9">
    <failure type="org.testng.TestNGException" message="
Parameter &amp;apos;browser&amp;apos; is required by BeforeSuite on method login but has not been marked @Optional or defined
in /Users/alcodesmobility/eclipse-workspace/CronberryTestng/testng.xml">
      <![CDATA[org.testng.TestNGException: 
Parameter 'browser' is required by BeforeSuite on method login but has not been marked @Optional or defined
in /Users/alcodesmobility/eclipse-workspace/CronberryTestng/testng.xml
... Removed 16 stack frames]]>
    </failure>
  </testcase> <!-- @BeforeSuite login -->
  <testcase classname="CronberryTestng.CronberryTestng.integration.announcementBar" name="openBarMenu" time="0.0">
    <skipped/>
  </testcase> <!-- openBarMenu -->
  <testcase classname="CronberryTestng.CronberryTestng.integration.announcementBar" name="openBarPage" time="0.0">
    <skipped/>
  </testcase> <!-- openBarPage -->
  <testcase classname="CronberryTestng.CronberryTestng.integration.announcementBar" name="createBar" time="0.0">
    <skipped/>
  </testcase> <!-- createBar -->
  <testcase classname="CronberryTestng.CronberryTestng.integration.announcementBar" name="createBarForm" time="0.0">
    <skipped/>
  </testcase> <!-- createBarForm -->
</testsuite> <!-- Chrome -->
