<?xml version="1.0" encoding="UTF-8"?>
<!-- Generated by org.testng.reporters.JUnitReportReporter -->
<testsuite hostname="Alcodess-MacBook-Air.local" failures="0" tests="11" name="CronberryTestng.CronberryTestng.integration.ProjectIntergration" time="5.988" errors="1" timestamp="2021-10-04T12:38:47 IST" skipped="10">
  <testcase classname="CronberryTestng.CronberryTestng.integration.ProjectIntergration" name="login" time="5.988">
    <error message="session not created: This version of ChromeDriver only supports Chrome version 92
Current browser version is 94.0.4606.61 with binary path /Applications/Google Chrome.app/Contents/MacOS/Google Chrome
Build info: version: &#039;3.141.59&#039;, revision: &#039;e82be7d358&#039;, time: &#039;2018-11-14T08:17:03&#039;
System info: host: &#039;Alcodess-MacBook-Air.local&#039;, ip: &#039;fe80:0:0:0:8f8:f62a:8c51:1c1a%en0&#039;, os.name: &#039;Mac OS X&#039;, os.arch: &#039;x86_64&#039;, os.version: &#039;10.14.6&#039;, java.version: &#039;15.0.1&#039;
Driver info: driver.version: ChromeDriver
remote stacktrace: 0   chromedriver                        0x000000010d740eb9 chromedriver + 3059385
1   chromedriver                        0x000000010de4c963 chromedriver + 10447203
2   chromedriver                        0x000000010d4802e8 chromedriver + 172776
3   chromedriver                        0x000000010d4a616d chromedriver + 328045
4   chromedriver                        0x000000010d4a1ca6 chromedriver + 310438
5   chromedriver                        0x000000010d49e7be chromedriver + 296894
6   chromedriver                        0x000000010d4d754b chromedriver + 529739
7   chromedriver                        0x000000010d4d1b83 chromedriver + 506755
8   chromedriver                        0x000000010d4a8480 chromedriver + 337024
9   chromedriver                        0x000000010d4a9615 chromedriver + 341525
10  chromedriver                        0x000000010d70bd9f chromedriver + 2842015
11  chromedriver                        0x000000010d71c562 chromedriver + 2909538
12  chromedriver                        0x000000010d71d7cc chromedriver + 2914252
13  chromedriver                        0x000000010d6f0f41 chromedriver + 2731841
14  chromedriver                        0x000000010d71dc9f chromedriver + 2915487
15  chromedriver                        0x000000010d70148c chromedriver + 2798732
16  chromedriver                        0x000000010d735c68 chromedriver + 3013736
17  chromedriver                        0x000000010d735df1 chromedriver + 3014129
18  chromedriver                        0x000000010d746b68 chromedriver + 3083112
19  libsystem_pthread.dylib             0x00007fff6dace2eb _pthread_body + 126
20  libsystem_pthread.dylib             0x00007fff6dad1249 _pthread_start + 66
21  libsystem_pthread.dylib             0x00007fff6dacd40d thread_start + 13
" type="org.openqa.selenium.SessionNotCreatedException">
      <![CDATA[org.openqa.selenium.SessionNotCreatedException: session not created: This version of ChromeDriver only supports Chrome version 92
Current browser version is 94.0.4606.61 with binary path /Applications/Google Chrome.app/Contents/MacOS/Google Chrome
Build info: version: '3.141.59', revision: 'e82be7d358', time: '2018-11-14T08:17:03'
System info: host: 'Alcodess-MacBook-Air.local', ip: 'fe80:0:0:0:8f8:f62a:8c51:1c1a%en0', os.name: 'Mac OS X', os.arch: 'x86_64', os.version: '10.14.6', java.version: '15.0.1'
Driver info: driver.version: ChromeDriver
remote stacktrace: 0   chromedriver                        0x000000010d740eb9 chromedriver + 3059385
1   chromedriver                        0x000000010de4c963 chromedriver + 10447203
2   chromedriver                        0x000000010d4802e8 chromedriver + 172776
3   chromedriver                        0x000000010d4a616d chromedriver + 328045
4   chromedriver                        0x000000010d4a1ca6 chromedriver + 310438
5   chromedriver                        0x000000010d49e7be chromedriver + 296894
6   chromedriver                        0x000000010d4d754b chromedriver + 529739
7   chromedriver                        0x000000010d4d1b83 chromedriver + 506755
8   chromedriver                        0x000000010d4a8480 chromedriver + 337024
9   chromedriver                        0x000000010d4a9615 chromedriver + 341525
10  chromedriver                        0x000000010d70bd9f chromedriver + 2842015
11  chromedriver                        0x000000010d71c562 chromedriver + 2909538
12  chromedriver                        0x000000010d71d7cc chromedriver + 2914252
13  chromedriver                        0x000000010d6f0f41 chromedriver + 2731841
14  chromedriver                        0x000000010d71dc9f chromedriver + 2915487
15  chromedriver                        0x000000010d70148c chromedriver + 2798732
16  chromedriver                        0x000000010d735c68 chromedriver + 3013736
17  chromedriver                        0x000000010d735df1 chromedriver + 3014129
18  chromedriver                        0x000000010d746b68 chromedriver + 3083112
19  libsystem_pthread.dylib             0x00007fff6dace2eb _pthread_body + 126
20  libsystem_pthread.dylib             0x00007fff6dad1249 _pthread_start + 66
21  libsystem_pthread.dylib             0x00007fff6dacd40d thread_start + 13

at java.base/jdk.internal.reflect.NativeConstructorAccessorImpl.newInstance0(Native Method)
at java.base/jdk.internal.reflect.NativeConstructorAccessorImpl.newInstance(NativeConstructorAccessorImpl.java:64)
at java.base/jdk.internal.reflect.DelegatingConstructorAccessorImpl.newInstance(DelegatingConstructorAccessorImpl.java:45)
at java.base/java.lang.reflect.Constructor.newInstanceWithCaller(Constructor.java:500)
at java.base/java.lang.reflect.Constructor.newInstance(Constructor.java:481)
at org.openqa.selenium.remote.W3CHandshakeResponse.lambda$errorHandler$0(W3CHandshakeResponse.java:62)
at org.openqa.selenium.remote.HandshakeResponse.lambda$getResponseFunction$0(HandshakeResponse.java:30)
at org.openqa.selenium.remote.ProtocolHandshake.lambda$createSession$0(ProtocolHandshake.java:126)
at java.base/java.util.stream.ReferencePipeline$3$1.accept(ReferencePipeline.java:195)
at java.base/java.util.Spliterators$ArraySpliterator.tryAdvance(Spliterators.java:958)
at java.base/java.util.stream.ReferencePipeline.forEachWithCancel(ReferencePipeline.java:127)
at java.base/java.util.stream.AbstractPipeline.copyIntoWithCancel(AbstractPipeline.java:502)
at java.base/java.util.stream.AbstractPipeline.copyInto(AbstractPipeline.java:488)
at java.base/java.util.stream.AbstractPipeline.wrapAndCopyInto(AbstractPipeline.java:474)
at java.base/java.util.stream.FindOps$FindOp.evaluateSequential(FindOps.java:150)
at java.base/java.util.stream.AbstractPipeline.evaluate(AbstractPipeline.java:234)
at java.base/java.util.stream.ReferencePipeline.findFirst(ReferencePipeline.java:543)
at org.openqa.selenium.remote.ProtocolHandshake.createSession(ProtocolHandshake.java:128)
at org.openqa.selenium.remote.ProtocolHandshake.createSession(ProtocolHandshake.java:74)
at org.openqa.selenium.remote.HttpCommandExecutor.execute(HttpCommandExecutor.java:136)
at org.openqa.selenium.remote.service.DriverCommandExecutor.execute(DriverCommandExecutor.java:83)
at org.openqa.selenium.remote.RemoteWebDriver.execute(RemoteWebDriver.java:552)
at org.openqa.selenium.remote.RemoteWebDriver.startSession(RemoteWebDriver.java:213)
at org.openqa.selenium.remote.RemoteWebDriver.<init>(RemoteWebDriver.java:131)
at org.openqa.selenium.chrome.ChromeDriver.<init>(ChromeDriver.java:181)
at org.openqa.selenium.chrome.ChromeDriver.<init>(ChromeDriver.java:168)
at org.openqa.selenium.chrome.ChromeDriver.<init>(ChromeDriver.java:123)
at CronberryTestng.CronberryTestng.integration.BaseClass.login(BaseClass.java:29)
at java.base/jdk.internal.reflect.NativeMethodAccessorImpl.invoke0(Native Method)
at java.base/jdk.internal.reflect.NativeMethodAccessorImpl.invoke(NativeMethodAccessorImpl.java:64)
at java.base/jdk.internal.reflect.DelegatingMethodAccessorImpl.invoke(DelegatingMethodAccessorImpl.java:43)
at java.base/java.lang.reflect.Method.invoke(Method.java:564)
at org.testng.internal.MethodInvocationHelper.invokeMethod(MethodInvocationHelper.java:132)
at org.testng.internal.MethodInvocationHelper.invokeMethodConsideringTimeout(MethodInvocationHelper.java:61)
at org.testng.internal.ConfigInvoker.invokeConfigurationMethod(ConfigInvoker.java:366)
at org.testng.internal.ConfigInvoker.invokeConfigurations(ConfigInvoker.java:320)
at org.testng.SuiteRunner.privateRun(SuiteRunner.java:327)
at org.testng.SuiteRunner.run(SuiteRunner.java:286)
at org.testng.SuiteRunnerWorker.runSuite(SuiteRunnerWorker.java:53)
at org.testng.SuiteRunnerWorker.run(SuiteRunnerWorker.java:96)
at org.testng.TestNG.runSuitesSequentially(TestNG.java:1218)
at org.testng.TestNG.runSuitesLocally(TestNG.java:1140)
at org.testng.TestNG.runSuites(TestNG.java:1069)
at org.testng.TestNG.run(TestNG.java:1037)
at org.testng.remote.AbstractRemoteTestNG.run(AbstractRemoteTestNG.java:115)
at org.testng.remote.RemoteTestNG.initAndRun(RemoteTestNG.java:251)
at org.testng.remote.RemoteTestNG.main(RemoteTestNG.java:77)
]]>
    </error>
  </testcase> <!-- login -->
  <system-out/>
  <testcase classname="CronberryTestng.CronberryTestng.integration.ProjectIntergration" name="projectIntegration" time="0.000">
    <skipped/>
  </testcase> <!-- projectIntegration -->
  <system-out/>
  <testcase classname="CronberryTestng.CronberryTestng.integration.ProjectIntergration" name="projectIntegrationGForm" time="0.000">
    <skipped/>
  </testcase> <!-- projectIntegrationGForm -->
  <system-out/>
  <testcase classname="CronberryTestng.CronberryTestng.integration.ProjectIntergration" name="projectIntegrationCForm" time="0.000">
    <skipped/>
  </testcase> <!-- projectIntegrationCForm -->
  <system-out/>
  <testcase classname="CronberryTestng.CronberryTestng.integration.ProjectIntergration" name="projectIntegrationMarketPlace" time="0.000">
    <skipped/>
  </testcase> <!-- projectIntegrationMarketPlace -->
  <system-out/>
  <testcase classname="CronberryTestng.CronberryTestng.integration.ProjectIntergration" name="projectIntegrationSocialMedia" time="0.000">
    <skipped/>
  </testcase> <!-- projectIntegrationSocialMedia -->
  <system-out/>
  <testcase classname="CronberryTestng.CronberryTestng.integration.ProjectIntergration" name="projectIntegrationAPI" time="0.000">
    <skipped/>
  </testcase> <!-- projectIntegrationAPI -->
  <system-out/>
  <testcase classname="CronberryTestng.CronberryTestng.integration.ProjectIntergration" name="projectIntegrationEcommerce" time="0.000">
    <skipped/>
  </testcase> <!-- projectIntegrationEcommerce -->
  <system-out/>
  <testcase classname="CronberryTestng.CronberryTestng.integration.ProjectIntergration" name="projectIntegrationBulk" time="0.000">
    <skipped/>
  </testcase> <!-- projectIntegrationBulk -->
  <system-out/>
  <testcase classname="CronberryTestng.CronberryTestng.integration.ProjectIntergration" name="projectIntegrationCustom" time="0.000">
    <skipped/>
  </testcase> <!-- projectIntegrationCustom -->
  <system-out/>
  <testcase classname="CronberryTestng.CronberryTestng.integration.ProjectIntergration" name="projectIntegrationSubMenu" time="0.000">
    <skipped/>
  </testcase> <!-- projectIntegrationSubMenu -->
  <system-out/>
</testsuite> <!-- CronberryTestng.CronberryTestng.integration.ProjectIntergration -->
