<?xml version="1.0" encoding="UTF-8"?>
<!-- Generated by org.testng.reporters.JUnitReportReporter -->
<testsuite hostname="Alcodess-MacBook-Air.local" failures="0" tests="6" name="CronberryTestng.CronberryTestng.integration.announcementBar" time="5.114" errors="1" timestamp="2021-12-02T16:55:44 IST" skipped="5">
  <testcase classname="CronberryTestng.CronberryTestng.integration.announcementBar" name="login" time="5.114">
    <error message="session not created: This version of ChromeDriver only supports Chrome version 94
Current browser version is 96.0.4664.55 with binary path /Applications/Google Chrome.app/Contents/MacOS/Google Chrome
Build info: version: &#039;3.141.59&#039;, revision: &#039;e82be7d358&#039;, time: &#039;2018-11-14T08:17:03&#039;
System info: host: &#039;Alcodess-MacBook-Air.local&#039;, ip: &#039;2405:201:5c0f:8197:f4cd:70d:811e:5c34%en0&#039;, os.name: &#039;Mac OS X&#039;, os.arch: &#039;x86_64&#039;, os.version: &#039;10.14.6&#039;, java.version: &#039;15.0.1&#039;
Driver info: driver.version: ChromeDriver
remote stacktrace: 0   chromedriver                        0x00000001056325e9 chromedriver + 2749929
1   chromedriver                        0x0000000105ce95c3 chromedriver + 9790915
2   chromedriver                        0x00000001053bd828 chromedriver + 174120
3   chromedriver                        0x00000001053e3a8a chromedriver + 330378
4   chromedriver                        0x00000001053df6da chromedriver + 313050
5   chromedriver                        0x00000001053dbde6 chromedriver + 298470
6   chromedriver                        0x0000000105415233 chromedriver + 533043
7   chromedriver                        0x000000010540f433 chromedriver + 508979
8   chromedriver                        0x00000001053e5d6e chromedriver + 339310
9   chromedriver                        0x00000001053e7095 chromedriver + 344213
10  chromedriver                        0x00000001055f93bf chromedriver + 2515903
11  chromedriver                        0x000000010560bf2f chromedriver + 2592559
12  chromedriver                        0x00000001055ddbdf chromedriver + 2403295
13  chromedriver                        0x000000010560d2da chromedriver + 2597594
14  chromedriver                        0x00000001055eebcc chromedriver + 2472908
15  chromedriver                        0x0000000105626988 chromedriver + 2701704
16  chromedriver                        0x0000000105626b11 chromedriver + 2702097
17  chromedriver                        0x00000001056375e8 chromedriver + 2770408
18  libsystem_pthread.dylib             0x00007fff74cb12eb _pthread_body + 126
19  libsystem_pthread.dylib             0x00007fff74cb4249 _pthread_start + 66
20  libsystem_pthread.dylib             0x00007fff74cb040d thread_start + 13
" type="org.openqa.selenium.SessionNotCreatedException">
      <![CDATA[org.openqa.selenium.SessionNotCreatedException: session not created: This version of ChromeDriver only supports Chrome version 94
Current browser version is 96.0.4664.55 with binary path /Applications/Google Chrome.app/Contents/MacOS/Google Chrome
Build info: version: '3.141.59', revision: 'e82be7d358', time: '2018-11-14T08:17:03'
System info: host: 'Alcodess-MacBook-Air.local', ip: '2405:201:5c0f:8197:f4cd:70d:811e:5c34%en0', os.name: 'Mac OS X', os.arch: 'x86_64', os.version: '10.14.6', java.version: '15.0.1'
Driver info: driver.version: ChromeDriver
remote stacktrace: 0   chromedriver                        0x00000001056325e9 chromedriver + 2749929
1   chromedriver                        0x0000000105ce95c3 chromedriver + 9790915
2   chromedriver                        0x00000001053bd828 chromedriver + 174120
3   chromedriver                        0x00000001053e3a8a chromedriver + 330378
4   chromedriver                        0x00000001053df6da chromedriver + 313050
5   chromedriver                        0x00000001053dbde6 chromedriver + 298470
6   chromedriver                        0x0000000105415233 chromedriver + 533043
7   chromedriver                        0x000000010540f433 chromedriver + 508979
8   chromedriver                        0x00000001053e5d6e chromedriver + 339310
9   chromedriver                        0x00000001053e7095 chromedriver + 344213
10  chromedriver                        0x00000001055f93bf chromedriver + 2515903
11  chromedriver                        0x000000010560bf2f chromedriver + 2592559
12  chromedriver                        0x00000001055ddbdf chromedriver + 2403295
13  chromedriver                        0x000000010560d2da chromedriver + 2597594
14  chromedriver                        0x00000001055eebcc chromedriver + 2472908
15  chromedriver                        0x0000000105626988 chromedriver + 2701704
16  chromedriver                        0x0000000105626b11 chromedriver + 2702097
17  chromedriver                        0x00000001056375e8 chromedriver + 2770408
18  libsystem_pthread.dylib             0x00007fff74cb12eb _pthread_body + 126
19  libsystem_pthread.dylib             0x00007fff74cb4249 _pthread_start + 66
20  libsystem_pthread.dylib             0x00007fff74cb040d thread_start + 13

at java.base/jdk.internal.reflect.NativeConstructorAccessorImpl.newInstance0(Native Method)
at java.base/jdk.internal.reflect.NativeConstructorAccessorImpl.newInstance(NativeConstructorAccessorImpl.java:64)
at java.base/jdk.internal.reflect.DelegatingConstructorAccessorImpl.newInstance(DelegatingConstructorAccessorImpl.java:45)
at java.base/java.lang.reflect.Constructor.newInstanceWithCaller(Constructor.java:500)
at java.base/java.lang.reflect.Constructor.newInstance(Constructor.java:481)
at org.openqa.selenium.remote.W3CHandshakeResponse.lambda$errorHandler$0(W3CHandshakeResponse.java:62)
at org.openqa.selenium.remote.HandshakeResponse.lambda$getResponseFunction$0(HandshakeResponse.java:30)
at org.openqa.selenium.remote.ProtocolHandshake.lambda$createSession$0(ProtocolHandshake.java:126)
at java.base/java.util.stream.ReferencePipeline$3$1.accept(ReferencePipeline.java:195)
at java.base/java.util.Spliterators$ArraySpliterator.tryAdvance(Spliterators.java:958)
at java.base/java.util.stream.ReferencePipeline.forEachWithCancel(ReferencePipeline.java:127)
at java.base/java.util.stream.AbstractPipeline.copyIntoWithCancel(AbstractPipeline.java:502)
at java.base/java.util.stream.AbstractPipeline.copyInto(AbstractPipeline.java:488)
at java.base/java.util.stream.AbstractPipeline.wrapAndCopyInto(AbstractPipeline.java:474)
at java.base/java.util.stream.FindOps$FindOp.evaluateSequential(FindOps.java:150)
at java.base/java.util.stream.AbstractPipeline.evaluate(AbstractPipeline.java:234)
at java.base/java.util.stream.ReferencePipeline.findFirst(ReferencePipeline.java:543)
at org.openqa.selenium.remote.ProtocolHandshake.createSession(ProtocolHandshake.java:128)
at org.openqa.selenium.remote.ProtocolHandshake.createSession(ProtocolHandshake.java:74)
at org.openqa.selenium.remote.HttpCommandExecutor.execute(HttpCommandExecutor.java:136)
at org.openqa.selenium.remote.service.DriverCommandExecutor.execute(DriverCommandExecutor.java:83)
at org.openqa.selenium.remote.RemoteWebDriver.execute(RemoteWebDriver.java:552)
at org.openqa.selenium.remote.RemoteWebDriver.startSession(RemoteWebDriver.java:213)
at org.openqa.selenium.remote.RemoteWebDriver.<init>(RemoteWebDriver.java:131)
at org.openqa.selenium.chrome.ChromeDriver.<init>(ChromeDriver.java:181)
at org.openqa.selenium.chrome.ChromeDriver.<init>(ChromeDriver.java:168)
at org.openqa.selenium.chrome.ChromeDriver.<init>(ChromeDriver.java:123)
at CronberryTestng.CronberryTestng.integration.BaseClass.login(BaseClass.java:29)
at java.base/jdk.internal.reflect.NativeMethodAccessorImpl.invoke0(Native Method)
at java.base/jdk.internal.reflect.NativeMethodAccessorImpl.invoke(NativeMethodAccessorImpl.java:64)
at java.base/jdk.internal.reflect.DelegatingMethodAccessorImpl.invoke(DelegatingMethodAccessorImpl.java:43)
at java.base/java.lang.reflect.Method.invoke(Method.java:564)
at org.testng.internal.MethodInvocationHelper.invokeMethod(MethodInvocationHelper.java:132)
at org.testng.internal.MethodInvocationHelper.invokeMethodConsideringTimeout(MethodInvocationHelper.java:61)
at org.testng.internal.ConfigInvoker.invokeConfigurationMethod(ConfigInvoker.java:366)
at org.testng.internal.ConfigInvoker.invokeConfigurations(ConfigInvoker.java:320)
at org.testng.SuiteRunner.privateRun(SuiteRunner.java:327)
at org.testng.SuiteRunner.run(SuiteRunner.java:286)
at org.testng.SuiteRunnerWorker.runSuite(SuiteRunnerWorker.java:53)
at org.testng.SuiteRunnerWorker.run(SuiteRunnerWorker.java:96)
at org.testng.TestNG.runSuitesSequentially(TestNG.java:1218)
at org.testng.TestNG.runSuitesLocally(TestNG.java:1140)
at org.testng.TestNG.runSuites(TestNG.java:1069)
at org.testng.TestNG.run(TestNG.java:1037)
at org.testng.remote.AbstractRemoteTestNG.run(AbstractRemoteTestNG.java:115)
at org.testng.remote.RemoteTestNG.initAndRun(RemoteTestNG.java:251)
at org.testng.remote.RemoteTestNG.main(RemoteTestNG.java:77)
]]>
    </error>
  </testcase> <!-- login -->
  <system-out/>
  <testcase classname="CronberryTestng.CronberryTestng.integration.announcementBar" name="openBarMenu" time="0.000">
    <skipped/>
  </testcase> <!-- openBarMenu -->
  <system-out/>
  <testcase classname="CronberryTestng.CronberryTestng.integration.announcementBar" name="openBarPage" time="0.000">
    <skipped/>
  </testcase> <!-- openBarPage -->
  <system-out/>
  <testcase classname="CronberryTestng.CronberryTestng.integration.announcementBar" name="createBar" time="0.000">
    <skipped/>
  </testcase> <!-- createBar -->
  <system-out/>
  <testcase classname="CronberryTestng.CronberryTestng.integration.announcementBar" name="createBarForm" time="0.000">
    <skipped/>
  </testcase> <!-- createBarForm -->
  <system-out/>
  <testcase classname="CronberryTestng.CronberryTestng.integration.announcementBar" name="deleteBarForm" time="0.000">
    <skipped/>
  </testcase> <!-- deleteBarForm -->
  <system-out/>
</testsuite> <!-- CronberryTestng.CronberryTestng.integration.announcementBar -->
