<html>
<head>
<title>TestNG:  Chrome</title>
<link href="../testng.css" rel="stylesheet" type="text/css" />
<link href="../my-testng.css" rel="stylesheet" type="text/css" />

<style type="text/css">
.log { display: none;} 
.stack-trace { display: none;} 
</style>
<script type="text/javascript">
<!--
function flip(e) {
  current = e.style.display;
  if (current == 'block') {
    e.style.display = 'none';
    return 0;
  }
  else {
    e.style.display = 'block';
    return 1;
  }
}

function toggleBox(szDivId, elem, msg1, msg2)
{
  var res = -1;  if (document.getElementById) {
    res = flip(document.getElementById(szDivId));
  }
  else if (document.all) {
    // this is the way old msie versions work
    res = flip(document.all[szDivId]);
  }
  if(elem) {
    if(res == 0) elem.innerHTML = msg1; else elem.innerHTML = msg2;
  }

}

function toggleAllBoxes() {
  if (document.getElementsByTagName) {
    d = document.getElementsByTagName('div');
    for (i = 0; i < d.length; i++) {
      if (d[i].className == 'log') {
        flip(d[i]);
      }
    }
  }
}

// -->
</script>

</head>
<body>
<h2 align='center'>Chrome</h2><table border='1' align="center">
<tr>
<td>Tests passed/Failed/Skipped:</td><td>0/0/10</td>
</tr><tr>
<td>Started on:</td><td>Mon Oct 04 12:38:46 IST 2021</td>
</tr>
<tr><td>Total time:</td><td>0 seconds (337 ms)</td>
</tr><tr>
<td>Included groups:</td><td></td>
</tr><tr>
<td>Excluded groups:</td><td></td>
</tr>
</table><p/>
<small><i>(Hover the method name to see the test class name)</i></small><p/>
<table width='100%' border='1' class='invocation-failed'>
<tr><td colspan='4' align='center'><b>FAILED CONFIGURATIONS</b></td></tr>
<tr><td><b>Test method</b></td>
<td width="30%"><b>Exception</b></td>
<td width="10%"><b>Time (seconds)</b></td>
<td><b>Instance</b></td>
</tr>
<tr>
<td title='CronberryTestng.CronberryTestng.integration.ProjectIntergration.login()'><b>login</b><br>Test class: CronberryTestng.CronberryTestng.integration.ProjectIntergration</td>
<td><div><pre>org.openqa.selenium.SessionNotCreatedException: session not created: This version of ChromeDriver only supports Chrome version 92
Current browser version is 94.0.4606.61 with binary path /Applications/Google Chrome.app/Contents/MacOS/Google Chrome
Build info: version: &apos;3.141.59&apos;, revision: &apos;e82be7d358&apos;, time: &apos;2018-11-14T08:17:03&apos;
System info: host: &apos;Alcodess-MacBook-Air.local&apos;, ip: &apos;fe80:0:0:0:8f8:f62a:8c51:1c1a%en0&apos;, os.name: &apos;Mac OS X&apos;, os.arch: &apos;x86_64&apos;, os.version: &apos;10.14.6&apos;, java.version: &apos;15.0.1&apos;
Driver info: driver.version: ChromeDriver
remote stacktrace: 0   chromedriver                        0x000000010d740eb9 chromedriver + 3059385
1   chromedriver                        0x000000010de4c963 chromedriver + 10447203
2   chromedriver                        0x000000010d4802e8 chromedriver + 172776
3   chromedriver                        0x000000010d4a616d chromedriver + 328045
4   chromedriver                        0x000000010d4a1ca6 chromedriver + 310438
5   chromedriver                        0x000000010d49e7be chromedriver + 296894
6   chromedriver                        0x000000010d4d754b chromedriver + 529739
7   chromedriver                        0x000000010d4d1b83 chromedriver + 506755
8   chromedriver                        0x000000010d4a8480 chromedriver + 337024
9   chromedriver                        0x000000010d4a9615 chromedriver + 341525
10  chromedriver                        0x000000010d70bd9f chromedriver + 2842015
11  chromedriver                        0x000000010d71c562 chromedriver + 2909538
12  chromedriver                        0x000000010d71d7cc chromedriver + 2914252
13  chromedriver                        0x000000010d6f0f41 chromedriver + 2731841
14  chromedriver                        0x000000010d71dc9f chromedriver + 2915487
15  chromedriver                        0x000000010d70148c chromedriver + 2798732
16  chromedriver                        0x000000010d735c68 chromedriver + 3013736
17  chromedriver                        0x000000010d735df1 chromedriver + 3014129
18  chromedriver                        0x000000010d746b68 chromedriver + 3083112
19  libsystem_pthread.dylib             0x00007fff6dace2eb _pthread_body + 126
20  libsystem_pthread.dylib             0x00007fff6dad1249 _pthread_start + 66
21  libsystem_pthread.dylib             0x00007fff6dacd40d thread_start + 13

	at org.openqa.selenium.remote.W3CHandshakeResponse.lambda$errorHandler$0(W3CHandshakeResponse.java:62)
	at org.openqa.selenium.remote.HandshakeResponse.lambda$getResponseFunction$0(HandshakeResponse.java:30)
	at org.openqa.selenium.remote.ProtocolHandshake.lambda$createSession$0(ProtocolHandshake.java:126)
	at java.base/java.util.stream.ReferencePipeline$3$1.accept(ReferencePipeline.java:195)
	at java.base/java.util.Spliterators$ArraySpliterator.tryAdvance(Spliterators.java:958)
	at java.base/java.util.stream.ReferencePipeline.forEachWithCancel(ReferencePipeline.java:127)
	at java.base/java.util.stream.AbstractPipeline.copyIntoWithCancel(AbstractPipeline.java:502)
	at java.base/java.util.stream.AbstractPipeline.copyInto(AbstractPipeline.java:488)
	at java.base/java.util.stream.AbstractPipeline.wrapAndCopyInto(AbstractPipeline.java:474)
	at java.base/java.util.stream.FindOps$FindOp.evaluateSequential(FindOps.java:150)
	at java.base/java.util.stream.AbstractPipeline.evaluate(AbstractPipeline.java:234)
	at java.base/java.util.stream.ReferencePipeline.findFirst(ReferencePipeline.java:543)
	at org.openqa.selenium.remote.ProtocolHandshake.createSession(ProtocolHandshake.java:128)
	at org.openqa.selenium.remote.ProtocolHandshake.createSession(ProtocolHandshake.java:74)
	at org.openqa.selenium.remote.HttpCommandExecutor.execute(HttpCommandExecutor.java:136)
	at org.openqa.selenium.remote.service.DriverCommandExecutor.execute(DriverCommandExecutor.java:83)
	at org.openqa.selenium.remote.RemoteWebDriver.execute(RemoteWebDriver.java:552)
	at org.openqa.selenium.remote.RemoteWebDriver.startSession(RemoteWebDriver.java:213)
	at org.openqa.selenium.remote.RemoteWebDriver.&lt;init&gt;(RemoteWebDriver.java:131)
	at org.openqa.selenium.chrome.ChromeDriver.&lt;init&gt;(ChromeDriver.java:181)
	at org.openqa.selenium.chrome.ChromeDriver.&lt;init&gt;(ChromeDriver.java:168)
	at org.openqa.selenium.chrome.ChromeDriver.&lt;init&gt;(ChromeDriver.java:123)
	at CronberryTestng.CronberryTestng.integration.BaseClass.login(BaseClass.java:29)
... Removed 24 stack frames</pre></div><a href='#' onClick='toggleBox("stack-trace332139408", this, "Click to show all stack frames", "Click to hide stack frames")'>Click to show all stack frames</a>
<div class='stack-trace' id='stack-trace332139408'><pre>org.openqa.selenium.SessionNotCreatedException: session not created: This version of ChromeDriver only supports Chrome version 92
Current browser version is 94.0.4606.61 with binary path /Applications/Google Chrome.app/Contents/MacOS/Google Chrome
Build info: version: &apos;3.141.59&apos;, revision: &apos;e82be7d358&apos;, time: &apos;2018-11-14T08:17:03&apos;
System info: host: &apos;Alcodess-MacBook-Air.local&apos;, ip: &apos;fe80:0:0:0:8f8:f62a:8c51:1c1a%en0&apos;, os.name: &apos;Mac OS X&apos;, os.arch: &apos;x86_64&apos;, os.version: &apos;10.14.6&apos;, java.version: &apos;15.0.1&apos;
Driver info: driver.version: ChromeDriver
remote stacktrace: 0   chromedriver                        0x000000010d740eb9 chromedriver + 3059385
1   chromedriver                        0x000000010de4c963 chromedriver + 10447203
2   chromedriver                        0x000000010d4802e8 chromedriver + 172776
3   chromedriver                        0x000000010d4a616d chromedriver + 328045
4   chromedriver                        0x000000010d4a1ca6 chromedriver + 310438
5   chromedriver                        0x000000010d49e7be chromedriver + 296894
6   chromedriver                        0x000000010d4d754b chromedriver + 529739
7   chromedriver                        0x000000010d4d1b83 chromedriver + 506755
8   chromedriver                        0x000000010d4a8480 chromedriver + 337024
9   chromedriver                        0x000000010d4a9615 chromedriver + 341525
10  chromedriver                        0x000000010d70bd9f chromedriver + 2842015
11  chromedriver                        0x000000010d71c562 chromedriver + 2909538
12  chromedriver                        0x000000010d71d7cc chromedriver + 2914252
13  chromedriver                        0x000000010d6f0f41 chromedriver + 2731841
14  chromedriver                        0x000000010d71dc9f chromedriver + 2915487
15  chromedriver                        0x000000010d70148c chromedriver + 2798732
16  chromedriver                        0x000000010d735c68 chromedriver + 3013736
17  chromedriver                        0x000000010d735df1 chromedriver + 3014129
18  chromedriver                        0x000000010d746b68 chromedriver + 3083112
19  libsystem_pthread.dylib             0x00007fff6dace2eb _pthread_body + 126
20  libsystem_pthread.dylib             0x00007fff6dad1249 _pthread_start + 66
21  libsystem_pthread.dylib             0x00007fff6dacd40d thread_start + 13

	at java.base/jdk.internal.reflect.NativeConstructorAccessorImpl.newInstance0(Native Method)
	at java.base/jdk.internal.reflect.NativeConstructorAccessorImpl.newInstance(NativeConstructorAccessorImpl.java:64)
	at java.base/jdk.internal.reflect.DelegatingConstructorAccessorImpl.newInstance(DelegatingConstructorAccessorImpl.java:45)
	at java.base/java.lang.reflect.Constructor.newInstanceWithCaller(Constructor.java:500)
	at java.base/java.lang.reflect.Constructor.newInstance(Constructor.java:481)
	at org.openqa.selenium.remote.W3CHandshakeResponse.lambda$errorHandler$0(W3CHandshakeResponse.java:62)
	at org.openqa.selenium.remote.HandshakeResponse.lambda$getResponseFunction$0(HandshakeResponse.java:30)
	at org.openqa.selenium.remote.ProtocolHandshake.lambda$createSession$0(ProtocolHandshake.java:126)
	at java.base/java.util.stream.ReferencePipeline$3$1.accept(ReferencePipeline.java:195)
	at java.base/java.util.Spliterators$ArraySpliterator.tryAdvance(Spliterators.java:958)
	at java.base/java.util.stream.ReferencePipeline.forEachWithCancel(ReferencePipeline.java:127)
	at java.base/java.util.stream.AbstractPipeline.copyIntoWithCancel(AbstractPipeline.java:502)
	at java.base/java.util.stream.AbstractPipeline.copyInto(AbstractPipeline.java:488)
	at java.base/java.util.stream.AbstractPipeline.wrapAndCopyInto(AbstractPipeline.java:474)
	at java.base/java.util.stream.FindOps$FindOp.evaluateSequential(FindOps.java:150)
	at java.base/java.util.stream.AbstractPipeline.evaluate(AbstractPipeline.java:234)
	at java.base/java.util.stream.ReferencePipeline.findFirst(ReferencePipeline.java:543)
	at org.openqa.selenium.remote.ProtocolHandshake.createSession(ProtocolHandshake.java:128)
	at org.openqa.selenium.remote.ProtocolHandshake.createSession(ProtocolHandshake.java:74)
	at org.openqa.selenium.remote.HttpCommandExecutor.execute(HttpCommandExecutor.java:136)
	at org.openqa.selenium.remote.service.DriverCommandExecutor.execute(DriverCommandExecutor.java:83)
	at org.openqa.selenium.remote.RemoteWebDriver.execute(RemoteWebDriver.java:552)
	at org.openqa.selenium.remote.RemoteWebDriver.startSession(RemoteWebDriver.java:213)
	at org.openqa.selenium.remote.RemoteWebDriver.&lt;init&gt;(RemoteWebDriver.java:131)
	at org.openqa.selenium.chrome.ChromeDriver.&lt;init&gt;(ChromeDriver.java:181)
	at org.openqa.selenium.chrome.ChromeDriver.&lt;init&gt;(ChromeDriver.java:168)
	at org.openqa.selenium.chrome.ChromeDriver.&lt;init&gt;(ChromeDriver.java:123)
	at CronberryTestng.CronberryTestng.integration.BaseClass.login(BaseClass.java:29)
	at java.base/jdk.internal.reflect.NativeMethodAccessorImpl.invoke0(Native Method)
	at java.base/jdk.internal.reflect.NativeMethodAccessorImpl.invoke(NativeMethodAccessorImpl.java:64)
	at java.base/jdk.internal.reflect.DelegatingMethodAccessorImpl.invoke(DelegatingMethodAccessorImpl.java:43)
	at java.base/java.lang.reflect.Method.invoke(Method.java:564)
	at org.testng.internal.MethodInvocationHelper.invokeMethod(MethodInvocationHelper.java:132)
	at org.testng.internal.MethodInvocationHelper.invokeMethodConsideringTimeout(MethodInvocationHelper.java:61)
	at org.testng.internal.ConfigInvoker.invokeConfigurationMethod(ConfigInvoker.java:366)
	at org.testng.internal.ConfigInvoker.invokeConfigurations(ConfigInvoker.java:320)
	at org.testng.SuiteRunner.privateRun(SuiteRunner.java:327)
	at org.testng.SuiteRunner.run(SuiteRunner.java:286)
	at org.testng.SuiteRunnerWorker.runSuite(SuiteRunnerWorker.java:53)
	at org.testng.SuiteRunnerWorker.run(SuiteRunnerWorker.java:96)
	at org.testng.TestNG.runSuitesSequentially(TestNG.java:1218)
	at org.testng.TestNG.runSuitesLocally(TestNG.java:1140)
	at org.testng.TestNG.runSuites(TestNG.java:1069)
	at org.testng.TestNG.run(TestNG.java:1037)
	at org.testng.remote.AbstractRemoteTestNG.run(AbstractRemoteTestNG.java:115)
	at org.testng.remote.RemoteTestNG.initAndRun(RemoteTestNG.java:251)
	at org.testng.remote.RemoteTestNG.main(RemoteTestNG.java:77)
</pre></div></td>
<td>5</td>
<td>CronberryTestng.CronberryTestng.integration.ProjectIntergration@154bd49b</td></tr>
</table><p>
<table width='100%' border='1' class='invocation-skipped'>
<tr><td colspan='4' align='center'><b>SKIPPED CONFIGURATIONS</b></td></tr>
<tr><td><b>Test method</b></td>
<td width="30%"><b>Exception</b></td>
<td width="10%"><b>Time (seconds)</b></td>
<td><b>Instance</b></td>
</tr>
<tr>
<td title='CronberryTestng.CronberryTestng.integration.ProjectIntergration.GoToDashBoard()'><b>GoToDashBoard</b><br>Test class: CronberryTestng.CronberryTestng.integration.ProjectIntergration</td>
<td></td>
<td>-1633331327</td>
<td>CronberryTestng.CronberryTestng.integration.ProjectIntergration@154bd49b</td></tr>
</table><p>
<table width='100%' border='1' class='invocation-skipped'>
<tr><td colspan='4' align='center'><b>SKIPPED TESTS</b></td></tr>
<tr><td><b>Test method</b></td>
<td width="30%"><b>Exception</b></td>
<td width="10%"><b>Time (seconds)</b></td>
<td><b>Instance</b></td>
</tr>
<tr>
<td title='CronberryTestng.CronberryTestng.integration.ProjectIntergration.projectIntegration()'><b>projectIntegration</b><br>Test class: CronberryTestng.CronberryTestng.integration.ProjectIntergration<br>Test method: open project integration tabs</td>
<td><div><pre>org.openqa.selenium.SessionNotCreatedException: session not created: This version of ChromeDriver only supports Chrome version 92
Current browser version is 94.0.4606.61 with binary path /Applications/Google Chrome.app/Contents/MacOS/Google Chrome
Build info: version: &apos;3.141.59&apos;, revision: &apos;e82be7d358&apos;, time: &apos;2018-11-14T08:17:03&apos;
System info: host: &apos;Alcodess-MacBook-Air.local&apos;, ip: &apos;fe80:0:0:0:8f8:f62a:8c51:1c1a%en0&apos;, os.name: &apos;Mac OS X&apos;, os.arch: &apos;x86_64&apos;, os.version: &apos;10.14.6&apos;, java.version: &apos;15.0.1&apos;
Driver info: driver.version: ChromeDriver
remote stacktrace: 0   chromedriver                        0x000000010d740eb9 chromedriver + 3059385
1   chromedriver                        0x000000010de4c963 chromedriver + 10447203
2   chromedriver                        0x000000010d4802e8 chromedriver + 172776
3   chromedriver                        0x000000010d4a616d chromedriver + 328045
4   chromedriver                        0x000000010d4a1ca6 chromedriver + 310438
5   chromedriver                        0x000000010d49e7be chromedriver + 296894
6   chromedriver                        0x000000010d4d754b chromedriver + 529739
7   chromedriver                        0x000000010d4d1b83 chromedriver + 506755
8   chromedriver                        0x000000010d4a8480 chromedriver + 337024
9   chromedriver                        0x000000010d4a9615 chromedriver + 341525
10  chromedriver                        0x000000010d70bd9f chromedriver + 2842015
11  chromedriver                        0x000000010d71c562 chromedriver + 2909538
12  chromedriver                        0x000000010d71d7cc chromedriver + 2914252
13  chromedriver                        0x000000010d6f0f41 chromedriver + 2731841
14  chromedriver                        0x000000010d71dc9f chromedriver + 2915487
15  chromedriver                        0x000000010d70148c chromedriver + 2798732
16  chromedriver                        0x000000010d735c68 chromedriver + 3013736
17  chromedriver                        0x000000010d735df1 chromedriver + 3014129
18  chromedriver                        0x000000010d746b68 chromedriver + 3083112
19  libsystem_pthread.dylib             0x00007fff6dace2eb _pthread_body + 126
20  libsystem_pthread.dylib             0x00007fff6dad1249 _pthread_start + 66
21  libsystem_pthread.dylib             0x00007fff6dacd40d thread_start + 13

	at org.openqa.selenium.remote.W3CHandshakeResponse.lambda$errorHandler$0(W3CHandshakeResponse.java:62)
	at org.openqa.selenium.remote.HandshakeResponse.lambda$getResponseFunction$0(HandshakeResponse.java:30)
	at org.openqa.selenium.remote.ProtocolHandshake.lambda$createSession$0(ProtocolHandshake.java:126)
	at java.base/java.util.stream.ReferencePipeline$3$1.accept(ReferencePipeline.java:195)
	at java.base/java.util.Spliterators$ArraySpliterator.tryAdvance(Spliterators.java:958)
	at java.base/java.util.stream.ReferencePipeline.forEachWithCancel(ReferencePipeline.java:127)
	at java.base/java.util.stream.AbstractPipeline.copyIntoWithCancel(AbstractPipeline.java:502)
	at java.base/java.util.stream.AbstractPipeline.copyInto(AbstractPipeline.java:488)
	at java.base/java.util.stream.AbstractPipeline.wrapAndCopyInto(AbstractPipeline.java:474)
	at java.base/java.util.stream.FindOps$FindOp.evaluateSequential(FindOps.java:150)
	at java.base/java.util.stream.AbstractPipeline.evaluate(AbstractPipeline.java:234)
	at java.base/java.util.stream.ReferencePipeline.findFirst(ReferencePipeline.java:543)
	at org.openqa.selenium.remote.ProtocolHandshake.createSession(ProtocolHandshake.java:128)
	at org.openqa.selenium.remote.ProtocolHandshake.createSession(ProtocolHandshake.java:74)
	at org.openqa.selenium.remote.HttpCommandExecutor.execute(HttpCommandExecutor.java:136)
	at org.openqa.selenium.remote.service.DriverCommandExecutor.execute(DriverCommandExecutor.java:83)
	at org.openqa.selenium.remote.RemoteWebDriver.execute(RemoteWebDriver.java:552)
	at org.openqa.selenium.remote.RemoteWebDriver.startSession(RemoteWebDriver.java:213)
	at org.openqa.selenium.remote.RemoteWebDriver.&lt;init&gt;(RemoteWebDriver.java:131)
	at org.openqa.selenium.chrome.ChromeDriver.&lt;init&gt;(ChromeDriver.java:181)
	at org.openqa.selenium.chrome.ChromeDriver.&lt;init&gt;(ChromeDriver.java:168)
	at org.openqa.selenium.chrome.ChromeDriver.&lt;init&gt;(ChromeDriver.java:123)
	at CronberryTestng.CronberryTestng.integration.BaseClass.login(BaseClass.java:29)
... Removed 24 stack frames</pre></div><a href='#' onClick='toggleBox("stack-trace732611751", this, "Click to show all stack frames", "Click to hide stack frames")'>Click to show all stack frames</a>
<div class='stack-trace' id='stack-trace732611751'><pre>org.openqa.selenium.SessionNotCreatedException: session not created: This version of ChromeDriver only supports Chrome version 92
Current browser version is 94.0.4606.61 with binary path /Applications/Google Chrome.app/Contents/MacOS/Google Chrome
Build info: version: &apos;3.141.59&apos;, revision: &apos;e82be7d358&apos;, time: &apos;2018-11-14T08:17:03&apos;
System info: host: &apos;Alcodess-MacBook-Air.local&apos;, ip: &apos;fe80:0:0:0:8f8:f62a:8c51:1c1a%en0&apos;, os.name: &apos;Mac OS X&apos;, os.arch: &apos;x86_64&apos;, os.version: &apos;10.14.6&apos;, java.version: &apos;15.0.1&apos;
Driver info: driver.version: ChromeDriver
remote stacktrace: 0   chromedriver                        0x000000010d740eb9 chromedriver + 3059385
1   chromedriver                        0x000000010de4c963 chromedriver + 10447203
2   chromedriver                        0x000000010d4802e8 chromedriver + 172776
3   chromedriver                        0x000000010d4a616d chromedriver + 328045
4   chromedriver                        0x000000010d4a1ca6 chromedriver + 310438
5   chromedriver                        0x000000010d49e7be chromedriver + 296894
6   chromedriver                        0x000000010d4d754b chromedriver + 529739
7   chromedriver                        0x000000010d4d1b83 chromedriver + 506755
8   chromedriver                        0x000000010d4a8480 chromedriver + 337024
9   chromedriver                        0x000000010d4a9615 chromedriver + 341525
10  chromedriver                        0x000000010d70bd9f chromedriver + 2842015
11  chromedriver                        0x000000010d71c562 chromedriver + 2909538
12  chromedriver                        0x000000010d71d7cc chromedriver + 2914252
13  chromedriver                        0x000000010d6f0f41 chromedriver + 2731841
14  chromedriver                        0x000000010d71dc9f chromedriver + 2915487
15  chromedriver                        0x000000010d70148c chromedriver + 2798732
16  chromedriver                        0x000000010d735c68 chromedriver + 3013736
17  chromedriver                        0x000000010d735df1 chromedriver + 3014129
18  chromedriver                        0x000000010d746b68 chromedriver + 3083112
19  libsystem_pthread.dylib             0x00007fff6dace2eb _pthread_body + 126
20  libsystem_pthread.dylib             0x00007fff6dad1249 _pthread_start + 66
21  libsystem_pthread.dylib             0x00007fff6dacd40d thread_start + 13

	at java.base/jdk.internal.reflect.NativeConstructorAccessorImpl.newInstance0(Native Method)
	at java.base/jdk.internal.reflect.NativeConstructorAccessorImpl.newInstance(NativeConstructorAccessorImpl.java:64)
	at java.base/jdk.internal.reflect.DelegatingConstructorAccessorImpl.newInstance(DelegatingConstructorAccessorImpl.java:45)
	at java.base/java.lang.reflect.Constructor.newInstanceWithCaller(Constructor.java:500)
	at java.base/java.lang.reflect.Constructor.newInstance(Constructor.java:481)
	at org.openqa.selenium.remote.W3CHandshakeResponse.lambda$errorHandler$0(W3CHandshakeResponse.java:62)
	at org.openqa.selenium.remote.HandshakeResponse.lambda$getResponseFunction$0(HandshakeResponse.java:30)
	at org.openqa.selenium.remote.ProtocolHandshake.lambda$createSession$0(ProtocolHandshake.java:126)
	at java.base/java.util.stream.ReferencePipeline$3$1.accept(ReferencePipeline.java:195)
	at java.base/java.util.Spliterators$ArraySpliterator.tryAdvance(Spliterators.java:958)
	at java.base/java.util.stream.ReferencePipeline.forEachWithCancel(ReferencePipeline.java:127)
	at java.base/java.util.stream.AbstractPipeline.copyIntoWithCancel(AbstractPipeline.java:502)
	at java.base/java.util.stream.AbstractPipeline.copyInto(AbstractPipeline.java:488)
	at java.base/java.util.stream.AbstractPipeline.wrapAndCopyInto(AbstractPipeline.java:474)
	at java.base/java.util.stream.FindOps$FindOp.evaluateSequential(FindOps.java:150)
	at java.base/java.util.stream.AbstractPipeline.evaluate(AbstractPipeline.java:234)
	at java.base/java.util.stream.ReferencePipeline.findFirst(ReferencePipeline.java:543)
	at org.openqa.selenium.remote.ProtocolHandshake.createSession(ProtocolHandshake.java:128)
	at org.openqa.selenium.remote.ProtocolHandshake.createSession(ProtocolHandshake.java:74)
	at org.openqa.selenium.remote.HttpCommandExecutor.execute(HttpCommandExecutor.java:136)
	at org.openqa.selenium.remote.service.DriverCommandExecutor.execute(DriverCommandExecutor.java:83)
	at org.openqa.selenium.remote.RemoteWebDriver.execute(RemoteWebDriver.java:552)
	at org.openqa.selenium.remote.RemoteWebDriver.startSession(RemoteWebDriver.java:213)
	at org.openqa.selenium.remote.RemoteWebDriver.&lt;init&gt;(RemoteWebDriver.java:131)
	at org.openqa.selenium.chrome.ChromeDriver.&lt;init&gt;(ChromeDriver.java:181)
	at org.openqa.selenium.chrome.ChromeDriver.&lt;init&gt;(ChromeDriver.java:168)
	at org.openqa.selenium.chrome.ChromeDriver.&lt;init&gt;(ChromeDriver.java:123)
	at CronberryTestng.CronberryTestng.integration.BaseClass.login(BaseClass.java:29)
	at java.base/jdk.internal.reflect.NativeMethodAccessorImpl.invoke0(Native Method)
	at java.base/jdk.internal.reflect.NativeMethodAccessorImpl.invoke(NativeMethodAccessorImpl.java:64)
	at java.base/jdk.internal.reflect.DelegatingMethodAccessorImpl.invoke(DelegatingMethodAccessorImpl.java:43)
	at java.base/java.lang.reflect.Method.invoke(Method.java:564)
	at org.testng.internal.MethodInvocationHelper.invokeMethod(MethodInvocationHelper.java:132)
	at org.testng.internal.MethodInvocationHelper.invokeMethodConsideringTimeout(MethodInvocationHelper.java:61)
	at org.testng.internal.ConfigInvoker.invokeConfigurationMethod(ConfigInvoker.java:366)
	at org.testng.internal.ConfigInvoker.invokeConfigurations(ConfigInvoker.java:320)
	at org.testng.SuiteRunner.privateRun(SuiteRunner.java:327)
	at org.testng.SuiteRunner.run(SuiteRunner.java:286)
	at org.testng.SuiteRunnerWorker.runSuite(SuiteRunnerWorker.java:53)
	at org.testng.SuiteRunnerWorker.run(SuiteRunnerWorker.java:96)
	at org.testng.TestNG.runSuitesSequentially(TestNG.java:1218)
	at org.testng.TestNG.runSuitesLocally(TestNG.java:1140)
	at org.testng.TestNG.runSuites(TestNG.java:1069)
	at org.testng.TestNG.run(TestNG.java:1037)
	at org.testng.remote.AbstractRemoteTestNG.run(AbstractRemoteTestNG.java:115)
	at org.testng.remote.RemoteTestNG.initAndRun(RemoteTestNG.java:251)
	at org.testng.remote.RemoteTestNG.main(RemoteTestNG.java:77)
</pre></div></td>
<td>0</td>
<td>CronberryTestng.CronberryTestng.integration.ProjectIntergration@154bd49b</td></tr>
<tr>
<td title='CronberryTestng.CronberryTestng.integration.ProjectIntergration.projectIntegrationAPI()'><b>projectIntegrationAPI</b><br>Test class: CronberryTestng.CronberryTestng.integration.ProjectIntergration<br>Test method: open project integration tab of API</td>
<td><div><pre>org.openqa.selenium.SessionNotCreatedException: session not created: This version of ChromeDriver only supports Chrome version 92
Current browser version is 94.0.4606.61 with binary path /Applications/Google Chrome.app/Contents/MacOS/Google Chrome
Build info: version: &apos;3.141.59&apos;, revision: &apos;e82be7d358&apos;, time: &apos;2018-11-14T08:17:03&apos;
System info: host: &apos;Alcodess-MacBook-Air.local&apos;, ip: &apos;fe80:0:0:0:8f8:f62a:8c51:1c1a%en0&apos;, os.name: &apos;Mac OS X&apos;, os.arch: &apos;x86_64&apos;, os.version: &apos;10.14.6&apos;, java.version: &apos;15.0.1&apos;
Driver info: driver.version: ChromeDriver
remote stacktrace: 0   chromedriver                        0x000000010d740eb9 chromedriver + 3059385
1   chromedriver                        0x000000010de4c963 chromedriver + 10447203
2   chromedriver                        0x000000010d4802e8 chromedriver + 172776
3   chromedriver                        0x000000010d4a616d chromedriver + 328045
4   chromedriver                        0x000000010d4a1ca6 chromedriver + 310438
5   chromedriver                        0x000000010d49e7be chromedriver + 296894
6   chromedriver                        0x000000010d4d754b chromedriver + 529739
7   chromedriver                        0x000000010d4d1b83 chromedriver + 506755
8   chromedriver                        0x000000010d4a8480 chromedriver + 337024
9   chromedriver                        0x000000010d4a9615 chromedriver + 341525
10  chromedriver                        0x000000010d70bd9f chromedriver + 2842015
11  chromedriver                        0x000000010d71c562 chromedriver + 2909538
12  chromedriver                        0x000000010d71d7cc chromedriver + 2914252
13  chromedriver                        0x000000010d6f0f41 chromedriver + 2731841
14  chromedriver                        0x000000010d71dc9f chromedriver + 2915487
15  chromedriver                        0x000000010d70148c chromedriver + 2798732
16  chromedriver                        0x000000010d735c68 chromedriver + 3013736
17  chromedriver                        0x000000010d735df1 chromedriver + 3014129
18  chromedriver                        0x000000010d746b68 chromedriver + 3083112
19  libsystem_pthread.dylib             0x00007fff6dace2eb _pthread_body + 126
20  libsystem_pthread.dylib             0x00007fff6dad1249 _pthread_start + 66
21  libsystem_pthread.dylib             0x00007fff6dacd40d thread_start + 13

	at org.openqa.selenium.remote.W3CHandshakeResponse.lambda$errorHandler$0(W3CHandshakeResponse.java:62)
	at org.openqa.selenium.remote.HandshakeResponse.lambda$getResponseFunction$0(HandshakeResponse.java:30)
	at org.openqa.selenium.remote.ProtocolHandshake.lambda$createSession$0(ProtocolHandshake.java:126)
	at java.base/java.util.stream.ReferencePipeline$3$1.accept(ReferencePipeline.java:195)
	at java.base/java.util.Spliterators$ArraySpliterator.tryAdvance(Spliterators.java:958)
	at java.base/java.util.stream.ReferencePipeline.forEachWithCancel(ReferencePipeline.java:127)
	at java.base/java.util.stream.AbstractPipeline.copyIntoWithCancel(AbstractPipeline.java:502)
	at java.base/java.util.stream.AbstractPipeline.copyInto(AbstractPipeline.java:488)
	at java.base/java.util.stream.AbstractPipeline.wrapAndCopyInto(AbstractPipeline.java:474)
	at java.base/java.util.stream.FindOps$FindOp.evaluateSequential(FindOps.java:150)
	at java.base/java.util.stream.AbstractPipeline.evaluate(AbstractPipeline.java:234)
	at java.base/java.util.stream.ReferencePipeline.findFirst(ReferencePipeline.java:543)
	at org.openqa.selenium.remote.ProtocolHandshake.createSession(ProtocolHandshake.java:128)
	at org.openqa.selenium.remote.ProtocolHandshake.createSession(ProtocolHandshake.java:74)
	at org.openqa.selenium.remote.HttpCommandExecutor.execute(HttpCommandExecutor.java:136)
	at org.openqa.selenium.remote.service.DriverCommandExecutor.execute(DriverCommandExecutor.java:83)
	at org.openqa.selenium.remote.RemoteWebDriver.execute(RemoteWebDriver.java:552)
	at org.openqa.selenium.remote.RemoteWebDriver.startSession(RemoteWebDriver.java:213)
	at org.openqa.selenium.remote.RemoteWebDriver.&lt;init&gt;(RemoteWebDriver.java:131)
	at org.openqa.selenium.chrome.ChromeDriver.&lt;init&gt;(ChromeDriver.java:181)
	at org.openqa.selenium.chrome.ChromeDriver.&lt;init&gt;(ChromeDriver.java:168)
	at org.openqa.selenium.chrome.ChromeDriver.&lt;init&gt;(ChromeDriver.java:123)
	at CronberryTestng.CronberryTestng.integration.BaseClass.login(BaseClass.java:29)
... Removed 24 stack frames</pre></div><a href='#' onClick='toggleBox("stack-trace133346202", this, "Click to show all stack frames", "Click to hide stack frames")'>Click to show all stack frames</a>
<div class='stack-trace' id='stack-trace133346202'><pre>org.openqa.selenium.SessionNotCreatedException: session not created: This version of ChromeDriver only supports Chrome version 92
Current browser version is 94.0.4606.61 with binary path /Applications/Google Chrome.app/Contents/MacOS/Google Chrome
Build info: version: &apos;3.141.59&apos;, revision: &apos;e82be7d358&apos;, time: &apos;2018-11-14T08:17:03&apos;
System info: host: &apos;Alcodess-MacBook-Air.local&apos;, ip: &apos;fe80:0:0:0:8f8:f62a:8c51:1c1a%en0&apos;, os.name: &apos;Mac OS X&apos;, os.arch: &apos;x86_64&apos;, os.version: &apos;10.14.6&apos;, java.version: &apos;15.0.1&apos;
Driver info: driver.version: ChromeDriver
remote stacktrace: 0   chromedriver                        0x000000010d740eb9 chromedriver + 3059385
1   chromedriver                        0x000000010de4c963 chromedriver + 10447203
2   chromedriver                        0x000000010d4802e8 chromedriver + 172776
3   chromedriver                        0x000000010d4a616d chromedriver + 328045
4   chromedriver                        0x000000010d4a1ca6 chromedriver + 310438
5   chromedriver                        0x000000010d49e7be chromedriver + 296894
6   chromedriver                        0x000000010d4d754b chromedriver + 529739
7   chromedriver                        0x000000010d4d1b83 chromedriver + 506755
8   chromedriver                        0x000000010d4a8480 chromedriver + 337024
9   chromedriver                        0x000000010d4a9615 chromedriver + 341525
10  chromedriver                        0x000000010d70bd9f chromedriver + 2842015
11  chromedriver                        0x000000010d71c562 chromedriver + 2909538
12  chromedriver                        0x000000010d71d7cc chromedriver + 2914252
13  chromedriver                        0x000000010d6f0f41 chromedriver + 2731841
14  chromedriver                        0x000000010d71dc9f chromedriver + 2915487
15  chromedriver                        0x000000010d70148c chromedriver + 2798732
16  chromedriver                        0x000000010d735c68 chromedriver + 3013736
17  chromedriver                        0x000000010d735df1 chromedriver + 3014129
18  chromedriver                        0x000000010d746b68 chromedriver + 3083112
19  libsystem_pthread.dylib             0x00007fff6dace2eb _pthread_body + 126
20  libsystem_pthread.dylib             0x00007fff6dad1249 _pthread_start + 66
21  libsystem_pthread.dylib             0x00007fff6dacd40d thread_start + 13

	at java.base/jdk.internal.reflect.NativeConstructorAccessorImpl.newInstance0(Native Method)
	at java.base/jdk.internal.reflect.NativeConstructorAccessorImpl.newInstance(NativeConstructorAccessorImpl.java:64)
	at java.base/jdk.internal.reflect.DelegatingConstructorAccessorImpl.newInstance(DelegatingConstructorAccessorImpl.java:45)
	at java.base/java.lang.reflect.Constructor.newInstanceWithCaller(Constructor.java:500)
	at java.base/java.lang.reflect.Constructor.newInstance(Constructor.java:481)
	at org.openqa.selenium.remote.W3CHandshakeResponse.lambda$errorHandler$0(W3CHandshakeResponse.java:62)
	at org.openqa.selenium.remote.HandshakeResponse.lambda$getResponseFunction$0(HandshakeResponse.java:30)
	at org.openqa.selenium.remote.ProtocolHandshake.lambda$createSession$0(ProtocolHandshake.java:126)
	at java.base/java.util.stream.ReferencePipeline$3$1.accept(ReferencePipeline.java:195)
	at java.base/java.util.Spliterators$ArraySpliterator.tryAdvance(Spliterators.java:958)
	at java.base/java.util.stream.ReferencePipeline.forEachWithCancel(ReferencePipeline.java:127)
	at java.base/java.util.stream.AbstractPipeline.copyIntoWithCancel(AbstractPipeline.java:502)
	at java.base/java.util.stream.AbstractPipeline.copyInto(AbstractPipeline.java:488)
	at java.base/java.util.stream.AbstractPipeline.wrapAndCopyInto(AbstractPipeline.java:474)
	at java.base/java.util.stream.FindOps$FindOp.evaluateSequential(FindOps.java:150)
	at java.base/java.util.stream.AbstractPipeline.evaluate(AbstractPipeline.java:234)
	at java.base/java.util.stream.ReferencePipeline.findFirst(ReferencePipeline.java:543)
	at org.openqa.selenium.remote.ProtocolHandshake.createSession(ProtocolHandshake.java:128)
	at org.openqa.selenium.remote.ProtocolHandshake.createSession(ProtocolHandshake.java:74)
	at org.openqa.selenium.remote.HttpCommandExecutor.execute(HttpCommandExecutor.java:136)
	at org.openqa.selenium.remote.service.DriverCommandExecutor.execute(DriverCommandExecutor.java:83)
	at org.openqa.selenium.remote.RemoteWebDriver.execute(RemoteWebDriver.java:552)
	at org.openqa.selenium.remote.RemoteWebDriver.startSession(RemoteWebDriver.java:213)
	at org.openqa.selenium.remote.RemoteWebDriver.&lt;init&gt;(RemoteWebDriver.java:131)
	at org.openqa.selenium.chrome.ChromeDriver.&lt;init&gt;(ChromeDriver.java:181)
	at org.openqa.selenium.chrome.ChromeDriver.&lt;init&gt;(ChromeDriver.java:168)
	at org.openqa.selenium.chrome.ChromeDriver.&lt;init&gt;(ChromeDriver.java:123)
	at CronberryTestng.CronberryTestng.integration.BaseClass.login(BaseClass.java:29)
	at java.base/jdk.internal.reflect.NativeMethodAccessorImpl.invoke0(Native Method)
	at java.base/jdk.internal.reflect.NativeMethodAccessorImpl.invoke(NativeMethodAccessorImpl.java:64)
	at java.base/jdk.internal.reflect.DelegatingMethodAccessorImpl.invoke(DelegatingMethodAccessorImpl.java:43)
	at java.base/java.lang.reflect.Method.invoke(Method.java:564)
	at org.testng.internal.MethodInvocationHelper.invokeMethod(MethodInvocationHelper.java:132)
	at org.testng.internal.MethodInvocationHelper.invokeMethodConsideringTimeout(MethodInvocationHelper.java:61)
	at org.testng.internal.ConfigInvoker.invokeConfigurationMethod(ConfigInvoker.java:366)
	at org.testng.internal.ConfigInvoker.invokeConfigurations(ConfigInvoker.java:320)
	at org.testng.SuiteRunner.privateRun(SuiteRunner.java:327)
	at org.testng.SuiteRunner.run(SuiteRunner.java:286)
	at org.testng.SuiteRunnerWorker.runSuite(SuiteRunnerWorker.java:53)
	at org.testng.SuiteRunnerWorker.run(SuiteRunnerWorker.java:96)
	at org.testng.TestNG.runSuitesSequentially(TestNG.java:1218)
	at org.testng.TestNG.runSuitesLocally(TestNG.java:1140)
	at org.testng.TestNG.runSuites(TestNG.java:1069)
	at org.testng.TestNG.run(TestNG.java:1037)
	at org.testng.remote.AbstractRemoteTestNG.run(AbstractRemoteTestNG.java:115)
	at org.testng.remote.RemoteTestNG.initAndRun(RemoteTestNG.java:251)
	at org.testng.remote.RemoteTestNG.main(RemoteTestNG.java:77)
</pre></div></td>
<td>0</td>
<td>CronberryTestng.CronberryTestng.integration.ProjectIntergration@154bd49b</td></tr>
<tr>
<td title='CronberryTestng.CronberryTestng.integration.ProjectIntergration.projectIntegrationBulk()'><b>projectIntegrationBulk</b><br>Test class: CronberryTestng.CronberryTestng.integration.ProjectIntergration<br>Test method: open project integration tab of Bulk</td>
<td><div><pre>org.openqa.selenium.SessionNotCreatedException: session not created: This version of ChromeDriver only supports Chrome version 92
Current browser version is 94.0.4606.61 with binary path /Applications/Google Chrome.app/Contents/MacOS/Google Chrome
Build info: version: &apos;3.141.59&apos;, revision: &apos;e82be7d358&apos;, time: &apos;2018-11-14T08:17:03&apos;
System info: host: &apos;Alcodess-MacBook-Air.local&apos;, ip: &apos;fe80:0:0:0:8f8:f62a:8c51:1c1a%en0&apos;, os.name: &apos;Mac OS X&apos;, os.arch: &apos;x86_64&apos;, os.version: &apos;10.14.6&apos;, java.version: &apos;15.0.1&apos;
Driver info: driver.version: ChromeDriver
remote stacktrace: 0   chromedriver                        0x000000010d740eb9 chromedriver + 3059385
1   chromedriver                        0x000000010de4c963 chromedriver + 10447203
2   chromedriver                        0x000000010d4802e8 chromedriver + 172776
3   chromedriver                        0x000000010d4a616d chromedriver + 328045
4   chromedriver                        0x000000010d4a1ca6 chromedriver + 310438
5   chromedriver                        0x000000010d49e7be chromedriver + 296894
6   chromedriver                        0x000000010d4d754b chromedriver + 529739
7   chromedriver                        0x000000010d4d1b83 chromedriver + 506755
8   chromedriver                        0x000000010d4a8480 chromedriver + 337024
9   chromedriver                        0x000000010d4a9615 chromedriver + 341525
10  chromedriver                        0x000000010d70bd9f chromedriver + 2842015
11  chromedriver                        0x000000010d71c562 chromedriver + 2909538
12  chromedriver                        0x000000010d71d7cc chromedriver + 2914252
13  chromedriver                        0x000000010d6f0f41 chromedriver + 2731841
14  chromedriver                        0x000000010d71dc9f chromedriver + 2915487
15  chromedriver                        0x000000010d70148c chromedriver + 2798732
16  chromedriver                        0x000000010d735c68 chromedriver + 3013736
17  chromedriver                        0x000000010d735df1 chromedriver + 3014129
18  chromedriver                        0x000000010d746b68 chromedriver + 3083112
19  libsystem_pthread.dylib             0x00007fff6dace2eb _pthread_body + 126
20  libsystem_pthread.dylib             0x00007fff6dad1249 _pthread_start + 66
21  libsystem_pthread.dylib             0x00007fff6dacd40d thread_start + 13

	at org.openqa.selenium.remote.W3CHandshakeResponse.lambda$errorHandler$0(W3CHandshakeResponse.java:62)
	at org.openqa.selenium.remote.HandshakeResponse.lambda$getResponseFunction$0(HandshakeResponse.java:30)
	at org.openqa.selenium.remote.ProtocolHandshake.lambda$createSession$0(ProtocolHandshake.java:126)
	at java.base/java.util.stream.ReferencePipeline$3$1.accept(ReferencePipeline.java:195)
	at java.base/java.util.Spliterators$ArraySpliterator.tryAdvance(Spliterators.java:958)
	at java.base/java.util.stream.ReferencePipeline.forEachWithCancel(ReferencePipeline.java:127)
	at java.base/java.util.stream.AbstractPipeline.copyIntoWithCancel(AbstractPipeline.java:502)
	at java.base/java.util.stream.AbstractPipeline.copyInto(AbstractPipeline.java:488)
	at java.base/java.util.stream.AbstractPipeline.wrapAndCopyInto(AbstractPipeline.java:474)
	at java.base/java.util.stream.FindOps$FindOp.evaluateSequential(FindOps.java:150)
	at java.base/java.util.stream.AbstractPipeline.evaluate(AbstractPipeline.java:234)
	at java.base/java.util.stream.ReferencePipeline.findFirst(ReferencePipeline.java:543)
	at org.openqa.selenium.remote.ProtocolHandshake.createSession(ProtocolHandshake.java:128)
	at org.openqa.selenium.remote.ProtocolHandshake.createSession(ProtocolHandshake.java:74)
	at org.openqa.selenium.remote.HttpCommandExecutor.execute(HttpCommandExecutor.java:136)
	at org.openqa.selenium.remote.service.DriverCommandExecutor.execute(DriverCommandExecutor.java:83)
	at org.openqa.selenium.remote.RemoteWebDriver.execute(RemoteWebDriver.java:552)
	at org.openqa.selenium.remote.RemoteWebDriver.startSession(RemoteWebDriver.java:213)
	at org.openqa.selenium.remote.RemoteWebDriver.&lt;init&gt;(RemoteWebDriver.java:131)
	at org.openqa.selenium.chrome.ChromeDriver.&lt;init&gt;(ChromeDriver.java:181)
	at org.openqa.selenium.chrome.ChromeDriver.&lt;init&gt;(ChromeDriver.java:168)
	at org.openqa.selenium.chrome.ChromeDriver.&lt;init&gt;(ChromeDriver.java:123)
	at CronberryTestng.CronberryTestng.integration.BaseClass.login(BaseClass.java:29)
... Removed 24 stack frames</pre></div><a href='#' onClick='toggleBox("stack-trace1980698753", this, "Click to show all stack frames", "Click to hide stack frames")'>Click to show all stack frames</a>
<div class='stack-trace' id='stack-trace1980698753'><pre>org.openqa.selenium.SessionNotCreatedException: session not created: This version of ChromeDriver only supports Chrome version 92
Current browser version is 94.0.4606.61 with binary path /Applications/Google Chrome.app/Contents/MacOS/Google Chrome
Build info: version: &apos;3.141.59&apos;, revision: &apos;e82be7d358&apos;, time: &apos;2018-11-14T08:17:03&apos;
System info: host: &apos;Alcodess-MacBook-Air.local&apos;, ip: &apos;fe80:0:0:0:8f8:f62a:8c51:1c1a%en0&apos;, os.name: &apos;Mac OS X&apos;, os.arch: &apos;x86_64&apos;, os.version: &apos;10.14.6&apos;, java.version: &apos;15.0.1&apos;
Driver info: driver.version: ChromeDriver
remote stacktrace: 0   chromedriver                        0x000000010d740eb9 chromedriver + 3059385
1   chromedriver                        0x000000010de4c963 chromedriver + 10447203
2   chromedriver                        0x000000010d4802e8 chromedriver + 172776
3   chromedriver                        0x000000010d4a616d chromedriver + 328045
4   chromedriver                        0x000000010d4a1ca6 chromedriver + 310438
5   chromedriver                        0x000000010d49e7be chromedriver + 296894
6   chromedriver                        0x000000010d4d754b chromedriver + 529739
7   chromedriver                        0x000000010d4d1b83 chromedriver + 506755
8   chromedriver                        0x000000010d4a8480 chromedriver + 337024
9   chromedriver                        0x000000010d4a9615 chromedriver + 341525
10  chromedriver                        0x000000010d70bd9f chromedriver + 2842015
11  chromedriver                        0x000000010d71c562 chromedriver + 2909538
12  chromedriver                        0x000000010d71d7cc chromedriver + 2914252
13  chromedriver                        0x000000010d6f0f41 chromedriver + 2731841
14  chromedriver                        0x000000010d71dc9f chromedriver + 2915487
15  chromedriver                        0x000000010d70148c chromedriver + 2798732
16  chromedriver                        0x000000010d735c68 chromedriver + 3013736
17  chromedriver                        0x000000010d735df1 chromedriver + 3014129
18  chromedriver                        0x000000010d746b68 chromedriver + 3083112
19  libsystem_pthread.dylib             0x00007fff6dace2eb _pthread_body + 126
20  libsystem_pthread.dylib             0x00007fff6dad1249 _pthread_start + 66
21  libsystem_pthread.dylib             0x00007fff6dacd40d thread_start + 13

	at java.base/jdk.internal.reflect.NativeConstructorAccessorImpl.newInstance0(Native Method)
	at java.base/jdk.internal.reflect.NativeConstructorAccessorImpl.newInstance(NativeConstructorAccessorImpl.java:64)
	at java.base/jdk.internal.reflect.DelegatingConstructorAccessorImpl.newInstance(DelegatingConstructorAccessorImpl.java:45)
	at java.base/java.lang.reflect.Constructor.newInstanceWithCaller(Constructor.java:500)
	at java.base/java.lang.reflect.Constructor.newInstance(Constructor.java:481)
	at org.openqa.selenium.remote.W3CHandshakeResponse.lambda$errorHandler$0(W3CHandshakeResponse.java:62)
	at org.openqa.selenium.remote.HandshakeResponse.lambda$getResponseFunction$0(HandshakeResponse.java:30)
	at org.openqa.selenium.remote.ProtocolHandshake.lambda$createSession$0(ProtocolHandshake.java:126)
	at java.base/java.util.stream.ReferencePipeline$3$1.accept(ReferencePipeline.java:195)
	at java.base/java.util.Spliterators$ArraySpliterator.tryAdvance(Spliterators.java:958)
	at java.base/java.util.stream.ReferencePipeline.forEachWithCancel(ReferencePipeline.java:127)
	at java.base/java.util.stream.AbstractPipeline.copyIntoWithCancel(AbstractPipeline.java:502)
	at java.base/java.util.stream.AbstractPipeline.copyInto(AbstractPipeline.java:488)
	at java.base/java.util.stream.AbstractPipeline.wrapAndCopyInto(AbstractPipeline.java:474)
	at java.base/java.util.stream.FindOps$FindOp.evaluateSequential(FindOps.java:150)
	at java.base/java.util.stream.AbstractPipeline.evaluate(AbstractPipeline.java:234)
	at java.base/java.util.stream.ReferencePipeline.findFirst(ReferencePipeline.java:543)
	at org.openqa.selenium.remote.ProtocolHandshake.createSession(ProtocolHandshake.java:128)
	at org.openqa.selenium.remote.ProtocolHandshake.createSession(ProtocolHandshake.java:74)
	at org.openqa.selenium.remote.HttpCommandExecutor.execute(HttpCommandExecutor.java:136)
	at org.openqa.selenium.remote.service.DriverCommandExecutor.execute(DriverCommandExecutor.java:83)
	at org.openqa.selenium.remote.RemoteWebDriver.execute(RemoteWebDriver.java:552)
	at org.openqa.selenium.remote.RemoteWebDriver.startSession(RemoteWebDriver.java:213)
	at org.openqa.selenium.remote.RemoteWebDriver.&lt;init&gt;(RemoteWebDriver.java:131)
	at org.openqa.selenium.chrome.ChromeDriver.&lt;init&gt;(ChromeDriver.java:181)
	at org.openqa.selenium.chrome.ChromeDriver.&lt;init&gt;(ChromeDriver.java:168)
	at org.openqa.selenium.chrome.ChromeDriver.&lt;init&gt;(ChromeDriver.java:123)
	at CronberryTestng.CronberryTestng.integration.BaseClass.login(BaseClass.java:29)
	at java.base/jdk.internal.reflect.NativeMethodAccessorImpl.invoke0(Native Method)
	at java.base/jdk.internal.reflect.NativeMethodAccessorImpl.invoke(NativeMethodAccessorImpl.java:64)
	at java.base/jdk.internal.reflect.DelegatingMethodAccessorImpl.invoke(DelegatingMethodAccessorImpl.java:43)
	at java.base/java.lang.reflect.Method.invoke(Method.java:564)
	at org.testng.internal.MethodInvocationHelper.invokeMethod(MethodInvocationHelper.java:132)
	at org.testng.internal.MethodInvocationHelper.invokeMethodConsideringTimeout(MethodInvocationHelper.java:61)
	at org.testng.internal.ConfigInvoker.invokeConfigurationMethod(ConfigInvoker.java:366)
	at org.testng.internal.ConfigInvoker.invokeConfigurations(ConfigInvoker.java:320)
	at org.testng.SuiteRunner.privateRun(SuiteRunner.java:327)
	at org.testng.SuiteRunner.run(SuiteRunner.java:286)
	at org.testng.SuiteRunnerWorker.runSuite(SuiteRunnerWorker.java:53)
	at org.testng.SuiteRunnerWorker.run(SuiteRunnerWorker.java:96)
	at org.testng.TestNG.runSuitesSequentially(TestNG.java:1218)
	at org.testng.TestNG.runSuitesLocally(TestNG.java:1140)
	at org.testng.TestNG.runSuites(TestNG.java:1069)
	at org.testng.TestNG.run(TestNG.java:1037)
	at org.testng.remote.AbstractRemoteTestNG.run(AbstractRemoteTestNG.java:115)
	at org.testng.remote.RemoteTestNG.initAndRun(RemoteTestNG.java:251)
	at org.testng.remote.RemoteTestNG.main(RemoteTestNG.java:77)
</pre></div></td>
<td>0</td>
<td>CronberryTestng.CronberryTestng.integration.ProjectIntergration@154bd49b</td></tr>
<tr>
<td title='CronberryTestng.CronberryTestng.integration.ProjectIntergration.projectIntegrationCForm()'><b>projectIntegrationCForm</b><br>Test class: CronberryTestng.CronberryTestng.integration.ProjectIntergration<br>Test method: open project integration tab of custom form</td>
<td><div><pre>org.openqa.selenium.SessionNotCreatedException: session not created: This version of ChromeDriver only supports Chrome version 92
Current browser version is 94.0.4606.61 with binary path /Applications/Google Chrome.app/Contents/MacOS/Google Chrome
Build info: version: &apos;3.141.59&apos;, revision: &apos;e82be7d358&apos;, time: &apos;2018-11-14T08:17:03&apos;
System info: host: &apos;Alcodess-MacBook-Air.local&apos;, ip: &apos;fe80:0:0:0:8f8:f62a:8c51:1c1a%en0&apos;, os.name: &apos;Mac OS X&apos;, os.arch: &apos;x86_64&apos;, os.version: &apos;10.14.6&apos;, java.version: &apos;15.0.1&apos;
Driver info: driver.version: ChromeDriver
remote stacktrace: 0   chromedriver                        0x000000010d740eb9 chromedriver + 3059385
1   chromedriver                        0x000000010de4c963 chromedriver + 10447203
2   chromedriver                        0x000000010d4802e8 chromedriver + 172776
3   chromedriver                        0x000000010d4a616d chromedriver + 328045
4   chromedriver                        0x000000010d4a1ca6 chromedriver + 310438
5   chromedriver                        0x000000010d49e7be chromedriver + 296894
6   chromedriver                        0x000000010d4d754b chromedriver + 529739
7   chromedriver                        0x000000010d4d1b83 chromedriver + 506755
8   chromedriver                        0x000000010d4a8480 chromedriver + 337024
9   chromedriver                        0x000000010d4a9615 chromedriver + 341525
10  chromedriver                        0x000000010d70bd9f chromedriver + 2842015
11  chromedriver                        0x000000010d71c562 chromedriver + 2909538
12  chromedriver                        0x000000010d71d7cc chromedriver + 2914252
13  chromedriver                        0x000000010d6f0f41 chromedriver + 2731841
14  chromedriver                        0x000000010d71dc9f chromedriver + 2915487
15  chromedriver                        0x000000010d70148c chromedriver + 2798732
16  chromedriver                        0x000000010d735c68 chromedriver + 3013736
17  chromedriver                        0x000000010d735df1 chromedriver + 3014129
18  chromedriver                        0x000000010d746b68 chromedriver + 3083112
19  libsystem_pthread.dylib             0x00007fff6dace2eb _pthread_body + 126
20  libsystem_pthread.dylib             0x00007fff6dad1249 _pthread_start + 66
21  libsystem_pthread.dylib             0x00007fff6dacd40d thread_start + 13

	at org.openqa.selenium.remote.W3CHandshakeResponse.lambda$errorHandler$0(W3CHandshakeResponse.java:62)
	at org.openqa.selenium.remote.HandshakeResponse.lambda$getResponseFunction$0(HandshakeResponse.java:30)
	at org.openqa.selenium.remote.ProtocolHandshake.lambda$createSession$0(ProtocolHandshake.java:126)
	at java.base/java.util.stream.ReferencePipeline$3$1.accept(ReferencePipeline.java:195)
	at java.base/java.util.Spliterators$ArraySpliterator.tryAdvance(Spliterators.java:958)
	at java.base/java.util.stream.ReferencePipeline.forEachWithCancel(ReferencePipeline.java:127)
	at java.base/java.util.stream.AbstractPipeline.copyIntoWithCancel(AbstractPipeline.java:502)
	at java.base/java.util.stream.AbstractPipeline.copyInto(AbstractPipeline.java:488)
	at java.base/java.util.stream.AbstractPipeline.wrapAndCopyInto(AbstractPipeline.java:474)
	at java.base/java.util.stream.FindOps$FindOp.evaluateSequential(FindOps.java:150)
	at java.base/java.util.stream.AbstractPipeline.evaluate(AbstractPipeline.java:234)
	at java.base/java.util.stream.ReferencePipeline.findFirst(ReferencePipeline.java:543)
	at org.openqa.selenium.remote.ProtocolHandshake.createSession(ProtocolHandshake.java:128)
	at org.openqa.selenium.remote.ProtocolHandshake.createSession(ProtocolHandshake.java:74)
	at org.openqa.selenium.remote.HttpCommandExecutor.execute(HttpCommandExecutor.java:136)
	at org.openqa.selenium.remote.service.DriverCommandExecutor.execute(DriverCommandExecutor.java:83)
	at org.openqa.selenium.remote.RemoteWebDriver.execute(RemoteWebDriver.java:552)
	at org.openqa.selenium.remote.RemoteWebDriver.startSession(RemoteWebDriver.java:213)
	at org.openqa.selenium.remote.RemoteWebDriver.&lt;init&gt;(RemoteWebDriver.java:131)
	at org.openqa.selenium.chrome.ChromeDriver.&lt;init&gt;(ChromeDriver.java:181)
	at org.openqa.selenium.chrome.ChromeDriver.&lt;init&gt;(ChromeDriver.java:168)
	at org.openqa.selenium.chrome.ChromeDriver.&lt;init&gt;(ChromeDriver.java:123)
	at CronberryTestng.CronberryTestng.integration.BaseClass.login(BaseClass.java:29)
... Removed 24 stack frames</pre></div><a href='#' onClick='toggleBox("stack-trace1397088232", this, "Click to show all stack frames", "Click to hide stack frames")'>Click to show all stack frames</a>
<div class='stack-trace' id='stack-trace1397088232'><pre>org.openqa.selenium.SessionNotCreatedException: session not created: This version of ChromeDriver only supports Chrome version 92
Current browser version is 94.0.4606.61 with binary path /Applications/Google Chrome.app/Contents/MacOS/Google Chrome
Build info: version: &apos;3.141.59&apos;, revision: &apos;e82be7d358&apos;, time: &apos;2018-11-14T08:17:03&apos;
System info: host: &apos;Alcodess-MacBook-Air.local&apos;, ip: &apos;fe80:0:0:0:8f8:f62a:8c51:1c1a%en0&apos;, os.name: &apos;Mac OS X&apos;, os.arch: &apos;x86_64&apos;, os.version: &apos;10.14.6&apos;, java.version: &apos;15.0.1&apos;
Driver info: driver.version: ChromeDriver
remote stacktrace: 0   chromedriver                        0x000000010d740eb9 chromedriver + 3059385
1   chromedriver                        0x000000010de4c963 chromedriver + 10447203
2   chromedriver                        0x000000010d4802e8 chromedriver + 172776
3   chromedriver                        0x000000010d4a616d chromedriver + 328045
4   chromedriver                        0x000000010d4a1ca6 chromedriver + 310438
5   chromedriver                        0x000000010d49e7be chromedriver + 296894
6   chromedriver                        0x000000010d4d754b chromedriver + 529739
7   chromedriver                        0x000000010d4d1b83 chromedriver + 506755
8   chromedriver                        0x000000010d4a8480 chromedriver + 337024
9   chromedriver                        0x000000010d4a9615 chromedriver + 341525
10  chromedriver                        0x000000010d70bd9f chromedriver + 2842015
11  chromedriver                        0x000000010d71c562 chromedriver + 2909538
12  chromedriver                        0x000000010d71d7cc chromedriver + 2914252
13  chromedriver                        0x000000010d6f0f41 chromedriver + 2731841
14  chromedriver                        0x000000010d71dc9f chromedriver + 2915487
15  chromedriver                        0x000000010d70148c chromedriver + 2798732
16  chromedriver                        0x000000010d735c68 chromedriver + 3013736
17  chromedriver                        0x000000010d735df1 chromedriver + 3014129
18  chromedriver                        0x000000010d746b68 chromedriver + 3083112
19  libsystem_pthread.dylib             0x00007fff6dace2eb _pthread_body + 126
20  libsystem_pthread.dylib             0x00007fff6dad1249 _pthread_start + 66
21  libsystem_pthread.dylib             0x00007fff6dacd40d thread_start + 13

	at java.base/jdk.internal.reflect.NativeConstructorAccessorImpl.newInstance0(Native Method)
	at java.base/jdk.internal.reflect.NativeConstructorAccessorImpl.newInstance(NativeConstructorAccessorImpl.java:64)
	at java.base/jdk.internal.reflect.DelegatingConstructorAccessorImpl.newInstance(DelegatingConstructorAccessorImpl.java:45)
	at java.base/java.lang.reflect.Constructor.newInstanceWithCaller(Constructor.java:500)
	at java.base/java.lang.reflect.Constructor.newInstance(Constructor.java:481)
	at org.openqa.selenium.remote.W3CHandshakeResponse.lambda$errorHandler$0(W3CHandshakeResponse.java:62)
	at org.openqa.selenium.remote.HandshakeResponse.lambda$getResponseFunction$0(HandshakeResponse.java:30)
	at org.openqa.selenium.remote.ProtocolHandshake.lambda$createSession$0(ProtocolHandshake.java:126)
	at java.base/java.util.stream.ReferencePipeline$3$1.accept(ReferencePipeline.java:195)
	at java.base/java.util.Spliterators$ArraySpliterator.tryAdvance(Spliterators.java:958)
	at java.base/java.util.stream.ReferencePipeline.forEachWithCancel(ReferencePipeline.java:127)
	at java.base/java.util.stream.AbstractPipeline.copyIntoWithCancel(AbstractPipeline.java:502)
	at java.base/java.util.stream.AbstractPipeline.copyInto(AbstractPipeline.java:488)
	at java.base/java.util.stream.AbstractPipeline.wrapAndCopyInto(AbstractPipeline.java:474)
	at java.base/java.util.stream.FindOps$FindOp.evaluateSequential(FindOps.java:150)
	at java.base/java.util.stream.AbstractPipeline.evaluate(AbstractPipeline.java:234)
	at java.base/java.util.stream.ReferencePipeline.findFirst(ReferencePipeline.java:543)
	at org.openqa.selenium.remote.ProtocolHandshake.createSession(ProtocolHandshake.java:128)
	at org.openqa.selenium.remote.ProtocolHandshake.createSession(ProtocolHandshake.java:74)
	at org.openqa.selenium.remote.HttpCommandExecutor.execute(HttpCommandExecutor.java:136)
	at org.openqa.selenium.remote.service.DriverCommandExecutor.execute(DriverCommandExecutor.java:83)
	at org.openqa.selenium.remote.RemoteWebDriver.execute(RemoteWebDriver.java:552)
	at org.openqa.selenium.remote.RemoteWebDriver.startSession(RemoteWebDriver.java:213)
	at org.openqa.selenium.remote.RemoteWebDriver.&lt;init&gt;(RemoteWebDriver.java:131)
	at org.openqa.selenium.chrome.ChromeDriver.&lt;init&gt;(ChromeDriver.java:181)
	at org.openqa.selenium.chrome.ChromeDriver.&lt;init&gt;(ChromeDriver.java:168)
	at org.openqa.selenium.chrome.ChromeDriver.&lt;init&gt;(ChromeDriver.java:123)
	at CronberryTestng.CronberryTestng.integration.BaseClass.login(BaseClass.java:29)
	at java.base/jdk.internal.reflect.NativeMethodAccessorImpl.invoke0(Native Method)
	at java.base/jdk.internal.reflect.NativeMethodAccessorImpl.invoke(NativeMethodAccessorImpl.java:64)
	at java.base/jdk.internal.reflect.DelegatingMethodAccessorImpl.invoke(DelegatingMethodAccessorImpl.java:43)
	at java.base/java.lang.reflect.Method.invoke(Method.java:564)
	at org.testng.internal.MethodInvocationHelper.invokeMethod(MethodInvocationHelper.java:132)
	at org.testng.internal.MethodInvocationHelper.invokeMethodConsideringTimeout(MethodInvocationHelper.java:61)
	at org.testng.internal.ConfigInvoker.invokeConfigurationMethod(ConfigInvoker.java:366)
	at org.testng.internal.ConfigInvoker.invokeConfigurations(ConfigInvoker.java:320)
	at org.testng.SuiteRunner.privateRun(SuiteRunner.java:327)
	at org.testng.SuiteRunner.run(SuiteRunner.java:286)
	at org.testng.SuiteRunnerWorker.runSuite(SuiteRunnerWorker.java:53)
	at org.testng.SuiteRunnerWorker.run(SuiteRunnerWorker.java:96)
	at org.testng.TestNG.runSuitesSequentially(TestNG.java:1218)
	at org.testng.TestNG.runSuitesLocally(TestNG.java:1140)
	at org.testng.TestNG.runSuites(TestNG.java:1069)
	at org.testng.TestNG.run(TestNG.java:1037)
	at org.testng.remote.AbstractRemoteTestNG.run(AbstractRemoteTestNG.java:115)
	at org.testng.remote.RemoteTestNG.initAndRun(RemoteTestNG.java:251)
	at org.testng.remote.RemoteTestNG.main(RemoteTestNG.java:77)
</pre></div></td>
<td>0</td>
<td>CronberryTestng.CronberryTestng.integration.ProjectIntergration@154bd49b</td></tr>
<tr>
<td title='CronberryTestng.CronberryTestng.integration.ProjectIntergration.projectIntegrationCustom()'><b>projectIntegrationCustom</b><br>Test class: CronberryTestng.CronberryTestng.integration.ProjectIntergration<br>Test method: open project integration tab of Custom</td>
<td><div><pre>org.openqa.selenium.SessionNotCreatedException: session not created: This version of ChromeDriver only supports Chrome version 92
Current browser version is 94.0.4606.61 with binary path /Applications/Google Chrome.app/Contents/MacOS/Google Chrome
Build info: version: &apos;3.141.59&apos;, revision: &apos;e82be7d358&apos;, time: &apos;2018-11-14T08:17:03&apos;
System info: host: &apos;Alcodess-MacBook-Air.local&apos;, ip: &apos;fe80:0:0:0:8f8:f62a:8c51:1c1a%en0&apos;, os.name: &apos;Mac OS X&apos;, os.arch: &apos;x86_64&apos;, os.version: &apos;10.14.6&apos;, java.version: &apos;15.0.1&apos;
Driver info: driver.version: ChromeDriver
remote stacktrace: 0   chromedriver                        0x000000010d740eb9 chromedriver + 3059385
1   chromedriver                        0x000000010de4c963 chromedriver + 10447203
2   chromedriver                        0x000000010d4802e8 chromedriver + 172776
3   chromedriver                        0x000000010d4a616d chromedriver + 328045
4   chromedriver                        0x000000010d4a1ca6 chromedriver + 310438
5   chromedriver                        0x000000010d49e7be chromedriver + 296894
6   chromedriver                        0x000000010d4d754b chromedriver + 529739
7   chromedriver                        0x000000010d4d1b83 chromedriver + 506755
8   chromedriver                        0x000000010d4a8480 chromedriver + 337024
9   chromedriver                        0x000000010d4a9615 chromedriver + 341525
10  chromedriver                        0x000000010d70bd9f chromedriver + 2842015
11  chromedriver                        0x000000010d71c562 chromedriver + 2909538
12  chromedriver                        0x000000010d71d7cc chromedriver + 2914252
13  chromedriver                        0x000000010d6f0f41 chromedriver + 2731841
14  chromedriver                        0x000000010d71dc9f chromedriver + 2915487
15  chromedriver                        0x000000010d70148c chromedriver + 2798732
16  chromedriver                        0x000000010d735c68 chromedriver + 3013736
17  chromedriver                        0x000000010d735df1 chromedriver + 3014129
18  chromedriver                        0x000000010d746b68 chromedriver + 3083112
19  libsystem_pthread.dylib             0x00007fff6dace2eb _pthread_body + 126
20  libsystem_pthread.dylib             0x00007fff6dad1249 _pthread_start + 66
21  libsystem_pthread.dylib             0x00007fff6dacd40d thread_start + 13

	at org.openqa.selenium.remote.W3CHandshakeResponse.lambda$errorHandler$0(W3CHandshakeResponse.java:62)
	at org.openqa.selenium.remote.HandshakeResponse.lambda$getResponseFunction$0(HandshakeResponse.java:30)
	at org.openqa.selenium.remote.ProtocolHandshake.lambda$createSession$0(ProtocolHandshake.java:126)
	at java.base/java.util.stream.ReferencePipeline$3$1.accept(ReferencePipeline.java:195)
	at java.base/java.util.Spliterators$ArraySpliterator.tryAdvance(Spliterators.java:958)
	at java.base/java.util.stream.ReferencePipeline.forEachWithCancel(ReferencePipeline.java:127)
	at java.base/java.util.stream.AbstractPipeline.copyIntoWithCancel(AbstractPipeline.java:502)
	at java.base/java.util.stream.AbstractPipeline.copyInto(AbstractPipeline.java:488)
	at java.base/java.util.stream.AbstractPipeline.wrapAndCopyInto(AbstractPipeline.java:474)
	at java.base/java.util.stream.FindOps$FindOp.evaluateSequential(FindOps.java:150)
	at java.base/java.util.stream.AbstractPipeline.evaluate(AbstractPipeline.java:234)
	at java.base/java.util.stream.ReferencePipeline.findFirst(ReferencePipeline.java:543)
	at org.openqa.selenium.remote.ProtocolHandshake.createSession(ProtocolHandshake.java:128)
	at org.openqa.selenium.remote.ProtocolHandshake.createSession(ProtocolHandshake.java:74)
	at org.openqa.selenium.remote.HttpCommandExecutor.execute(HttpCommandExecutor.java:136)
	at org.openqa.selenium.remote.service.DriverCommandExecutor.execute(DriverCommandExecutor.java:83)
	at org.openqa.selenium.remote.RemoteWebDriver.execute(RemoteWebDriver.java:552)
	at org.openqa.selenium.remote.RemoteWebDriver.startSession(RemoteWebDriver.java:213)
	at org.openqa.selenium.remote.RemoteWebDriver.&lt;init&gt;(RemoteWebDriver.java:131)
	at org.openqa.selenium.chrome.ChromeDriver.&lt;init&gt;(ChromeDriver.java:181)
	at org.openqa.selenium.chrome.ChromeDriver.&lt;init&gt;(ChromeDriver.java:168)
	at org.openqa.selenium.chrome.ChromeDriver.&lt;init&gt;(ChromeDriver.java:123)
	at CronberryTestng.CronberryTestng.integration.BaseClass.login(BaseClass.java:29)
... Removed 24 stack frames</pre></div><a href='#' onClick='toggleBox("stack-trace1382159617", this, "Click to show all stack frames", "Click to hide stack frames")'>Click to show all stack frames</a>
<div class='stack-trace' id='stack-trace1382159617'><pre>org.openqa.selenium.SessionNotCreatedException: session not created: This version of ChromeDriver only supports Chrome version 92
Current browser version is 94.0.4606.61 with binary path /Applications/Google Chrome.app/Contents/MacOS/Google Chrome
Build info: version: &apos;3.141.59&apos;, revision: &apos;e82be7d358&apos;, time: &apos;2018-11-14T08:17:03&apos;
System info: host: &apos;Alcodess-MacBook-Air.local&apos;, ip: &apos;fe80:0:0:0:8f8:f62a:8c51:1c1a%en0&apos;, os.name: &apos;Mac OS X&apos;, os.arch: &apos;x86_64&apos;, os.version: &apos;10.14.6&apos;, java.version: &apos;15.0.1&apos;
Driver info: driver.version: ChromeDriver
remote stacktrace: 0   chromedriver                        0x000000010d740eb9 chromedriver + 3059385
1   chromedriver                        0x000000010de4c963 chromedriver + 10447203
2   chromedriver                        0x000000010d4802e8 chromedriver + 172776
3   chromedriver                        0x000000010d4a616d chromedriver + 328045
4   chromedriver                        0x000000010d4a1ca6 chromedriver + 310438
5   chromedriver                        0x000000010d49e7be chromedriver + 296894
6   chromedriver                        0x000000010d4d754b chromedriver + 529739
7   chromedriver                        0x000000010d4d1b83 chromedriver + 506755
8   chromedriver                        0x000000010d4a8480 chromedriver + 337024
9   chromedriver                        0x000000010d4a9615 chromedriver + 341525
10  chromedriver                        0x000000010d70bd9f chromedriver + 2842015
11  chromedriver                        0x000000010d71c562 chromedriver + 2909538
12  chromedriver                        0x000000010d71d7cc chromedriver + 2914252
13  chromedriver                        0x000000010d6f0f41 chromedriver + 2731841
14  chromedriver                        0x000000010d71dc9f chromedriver + 2915487
15  chromedriver                        0x000000010d70148c chromedriver + 2798732
16  chromedriver                        0x000000010d735c68 chromedriver + 3013736
17  chromedriver                        0x000000010d735df1 chromedriver + 3014129
18  chromedriver                        0x000000010d746b68 chromedriver + 3083112
19  libsystem_pthread.dylib             0x00007fff6dace2eb _pthread_body + 126
20  libsystem_pthread.dylib             0x00007fff6dad1249 _pthread_start + 66
21  libsystem_pthread.dylib             0x00007fff6dacd40d thread_start + 13

	at java.base/jdk.internal.reflect.NativeConstructorAccessorImpl.newInstance0(Native Method)
	at java.base/jdk.internal.reflect.NativeConstructorAccessorImpl.newInstance(NativeConstructorAccessorImpl.java:64)
	at java.base/jdk.internal.reflect.DelegatingConstructorAccessorImpl.newInstance(DelegatingConstructorAccessorImpl.java:45)
	at java.base/java.lang.reflect.Constructor.newInstanceWithCaller(Constructor.java:500)
	at java.base/java.lang.reflect.Constructor.newInstance(Constructor.java:481)
	at org.openqa.selenium.remote.W3CHandshakeResponse.lambda$errorHandler$0(W3CHandshakeResponse.java:62)
	at org.openqa.selenium.remote.HandshakeResponse.lambda$getResponseFunction$0(HandshakeResponse.java:30)
	at org.openqa.selenium.remote.ProtocolHandshake.lambda$createSession$0(ProtocolHandshake.java:126)
	at java.base/java.util.stream.ReferencePipeline$3$1.accept(ReferencePipeline.java:195)
	at java.base/java.util.Spliterators$ArraySpliterator.tryAdvance(Spliterators.java:958)
	at java.base/java.util.stream.ReferencePipeline.forEachWithCancel(ReferencePipeline.java:127)
	at java.base/java.util.stream.AbstractPipeline.copyIntoWithCancel(AbstractPipeline.java:502)
	at java.base/java.util.stream.AbstractPipeline.copyInto(AbstractPipeline.java:488)
	at java.base/java.util.stream.AbstractPipeline.wrapAndCopyInto(AbstractPipeline.java:474)
	at java.base/java.util.stream.FindOps$FindOp.evaluateSequential(FindOps.java:150)
	at java.base/java.util.stream.AbstractPipeline.evaluate(AbstractPipeline.java:234)
	at java.base/java.util.stream.ReferencePipeline.findFirst(ReferencePipeline.java:543)
	at org.openqa.selenium.remote.ProtocolHandshake.createSession(ProtocolHandshake.java:128)
	at org.openqa.selenium.remote.ProtocolHandshake.createSession(ProtocolHandshake.java:74)
	at org.openqa.selenium.remote.HttpCommandExecutor.execute(HttpCommandExecutor.java:136)
	at org.openqa.selenium.remote.service.DriverCommandExecutor.execute(DriverCommandExecutor.java:83)
	at org.openqa.selenium.remote.RemoteWebDriver.execute(RemoteWebDriver.java:552)
	at org.openqa.selenium.remote.RemoteWebDriver.startSession(RemoteWebDriver.java:213)
	at org.openqa.selenium.remote.RemoteWebDriver.&lt;init&gt;(RemoteWebDriver.java:131)
	at org.openqa.selenium.chrome.ChromeDriver.&lt;init&gt;(ChromeDriver.java:181)
	at org.openqa.selenium.chrome.ChromeDriver.&lt;init&gt;(ChromeDriver.java:168)
	at org.openqa.selenium.chrome.ChromeDriver.&lt;init&gt;(ChromeDriver.java:123)
	at CronberryTestng.CronberryTestng.integration.BaseClass.login(BaseClass.java:29)
	at java.base/jdk.internal.reflect.NativeMethodAccessorImpl.invoke0(Native Method)
	at java.base/jdk.internal.reflect.NativeMethodAccessorImpl.invoke(NativeMethodAccessorImpl.java:64)
	at java.base/jdk.internal.reflect.DelegatingMethodAccessorImpl.invoke(DelegatingMethodAccessorImpl.java:43)
	at java.base/java.lang.reflect.Method.invoke(Method.java:564)
	at org.testng.internal.MethodInvocationHelper.invokeMethod(MethodInvocationHelper.java:132)
	at org.testng.internal.MethodInvocationHelper.invokeMethodConsideringTimeout(MethodInvocationHelper.java:61)
	at org.testng.internal.ConfigInvoker.invokeConfigurationMethod(ConfigInvoker.java:366)
	at org.testng.internal.ConfigInvoker.invokeConfigurations(ConfigInvoker.java:320)
	at org.testng.SuiteRunner.privateRun(SuiteRunner.java:327)
	at org.testng.SuiteRunner.run(SuiteRunner.java:286)
	at org.testng.SuiteRunnerWorker.runSuite(SuiteRunnerWorker.java:53)
	at org.testng.SuiteRunnerWorker.run(SuiteRunnerWorker.java:96)
	at org.testng.TestNG.runSuitesSequentially(TestNG.java:1218)
	at org.testng.TestNG.runSuitesLocally(TestNG.java:1140)
	at org.testng.TestNG.runSuites(TestNG.java:1069)
	at org.testng.TestNG.run(TestNG.java:1037)
	at org.testng.remote.AbstractRemoteTestNG.run(AbstractRemoteTestNG.java:115)
	at org.testng.remote.RemoteTestNG.initAndRun(RemoteTestNG.java:251)
	at org.testng.remote.RemoteTestNG.main(RemoteTestNG.java:77)
</pre></div></td>
<td>0</td>
<td>CronberryTestng.CronberryTestng.integration.ProjectIntergration@154bd49b</td></tr>
<tr>
<td title='CronberryTestng.CronberryTestng.integration.ProjectIntergration.projectIntegrationEcommerce()'><b>projectIntegrationEcommerce</b><br>Test class: CronberryTestng.CronberryTestng.integration.ProjectIntergration<br>Test method: open project integration tab of Ecommerce</td>
<td><div><pre>org.openqa.selenium.SessionNotCreatedException: session not created: This version of ChromeDriver only supports Chrome version 92
Current browser version is 94.0.4606.61 with binary path /Applications/Google Chrome.app/Contents/MacOS/Google Chrome
Build info: version: &apos;3.141.59&apos;, revision: &apos;e82be7d358&apos;, time: &apos;2018-11-14T08:17:03&apos;
System info: host: &apos;Alcodess-MacBook-Air.local&apos;, ip: &apos;fe80:0:0:0:8f8:f62a:8c51:1c1a%en0&apos;, os.name: &apos;Mac OS X&apos;, os.arch: &apos;x86_64&apos;, os.version: &apos;10.14.6&apos;, java.version: &apos;15.0.1&apos;
Driver info: driver.version: ChromeDriver
remote stacktrace: 0   chromedriver                        0x000000010d740eb9 chromedriver + 3059385
1   chromedriver                        0x000000010de4c963 chromedriver + 10447203
2   chromedriver                        0x000000010d4802e8 chromedriver + 172776
3   chromedriver                        0x000000010d4a616d chromedriver + 328045
4   chromedriver                        0x000000010d4a1ca6 chromedriver + 310438
5   chromedriver                        0x000000010d49e7be chromedriver + 296894
6   chromedriver                        0x000000010d4d754b chromedriver + 529739
7   chromedriver                        0x000000010d4d1b83 chromedriver + 506755
8   chromedriver                        0x000000010d4a8480 chromedriver + 337024
9   chromedriver                        0x000000010d4a9615 chromedriver + 341525
10  chromedriver                        0x000000010d70bd9f chromedriver + 2842015
11  chromedriver                        0x000000010d71c562 chromedriver + 2909538
12  chromedriver                        0x000000010d71d7cc chromedriver + 2914252
13  chromedriver                        0x000000010d6f0f41 chromedriver + 2731841
14  chromedriver                        0x000000010d71dc9f chromedriver + 2915487
15  chromedriver                        0x000000010d70148c chromedriver + 2798732
16  chromedriver                        0x000000010d735c68 chromedriver + 3013736
17  chromedriver                        0x000000010d735df1 chromedriver + 3014129
18  chromedriver                        0x000000010d746b68 chromedriver + 3083112
19  libsystem_pthread.dylib             0x00007fff6dace2eb _pthread_body + 126
20  libsystem_pthread.dylib             0x00007fff6dad1249 _pthread_start + 66
21  libsystem_pthread.dylib             0x00007fff6dacd40d thread_start + 13

	at org.openqa.selenium.remote.W3CHandshakeResponse.lambda$errorHandler$0(W3CHandshakeResponse.java:62)
	at org.openqa.selenium.remote.HandshakeResponse.lambda$getResponseFunction$0(HandshakeResponse.java:30)
	at org.openqa.selenium.remote.ProtocolHandshake.lambda$createSession$0(ProtocolHandshake.java:126)
	at java.base/java.util.stream.ReferencePipeline$3$1.accept(ReferencePipeline.java:195)
	at java.base/java.util.Spliterators$ArraySpliterator.tryAdvance(Spliterators.java:958)
	at java.base/java.util.stream.ReferencePipeline.forEachWithCancel(ReferencePipeline.java:127)
	at java.base/java.util.stream.AbstractPipeline.copyIntoWithCancel(AbstractPipeline.java:502)
	at java.base/java.util.stream.AbstractPipeline.copyInto(AbstractPipeline.java:488)
	at java.base/java.util.stream.AbstractPipeline.wrapAndCopyInto(AbstractPipeline.java:474)
	at java.base/java.util.stream.FindOps$FindOp.evaluateSequential(FindOps.java:150)
	at java.base/java.util.stream.AbstractPipeline.evaluate(AbstractPipeline.java:234)
	at java.base/java.util.stream.ReferencePipeline.findFirst(ReferencePipeline.java:543)
	at org.openqa.selenium.remote.ProtocolHandshake.createSession(ProtocolHandshake.java:128)
	at org.openqa.selenium.remote.ProtocolHandshake.createSession(ProtocolHandshake.java:74)
	at org.openqa.selenium.remote.HttpCommandExecutor.execute(HttpCommandExecutor.java:136)
	at org.openqa.selenium.remote.service.DriverCommandExecutor.execute(DriverCommandExecutor.java:83)
	at org.openqa.selenium.remote.RemoteWebDriver.execute(RemoteWebDriver.java:552)
	at org.openqa.selenium.remote.RemoteWebDriver.startSession(RemoteWebDriver.java:213)
	at org.openqa.selenium.remote.RemoteWebDriver.&lt;init&gt;(RemoteWebDriver.java:131)
	at org.openqa.selenium.chrome.ChromeDriver.&lt;init&gt;(ChromeDriver.java:181)
	at org.openqa.selenium.chrome.ChromeDriver.&lt;init&gt;(ChromeDriver.java:168)
	at org.openqa.selenium.chrome.ChromeDriver.&lt;init&gt;(ChromeDriver.java:123)
	at CronberryTestng.CronberryTestng.integration.BaseClass.login(BaseClass.java:29)
... Removed 24 stack frames</pre></div><a href='#' onClick='toggleBox("stack-trace2050328083", this, "Click to show all stack frames", "Click to hide stack frames")'>Click to show all stack frames</a>
<div class='stack-trace' id='stack-trace2050328083'><pre>org.openqa.selenium.SessionNotCreatedException: session not created: This version of ChromeDriver only supports Chrome version 92
Current browser version is 94.0.4606.61 with binary path /Applications/Google Chrome.app/Contents/MacOS/Google Chrome
Build info: version: &apos;3.141.59&apos;, revision: &apos;e82be7d358&apos;, time: &apos;2018-11-14T08:17:03&apos;
System info: host: &apos;Alcodess-MacBook-Air.local&apos;, ip: &apos;fe80:0:0:0:8f8:f62a:8c51:1c1a%en0&apos;, os.name: &apos;Mac OS X&apos;, os.arch: &apos;x86_64&apos;, os.version: &apos;10.14.6&apos;, java.version: &apos;15.0.1&apos;
Driver info: driver.version: ChromeDriver
remote stacktrace: 0   chromedriver                        0x000000010d740eb9 chromedriver + 3059385
1   chromedriver                        0x000000010de4c963 chromedriver + 10447203
2   chromedriver                        0x000000010d4802e8 chromedriver + 172776
3   chromedriver                        0x000000010d4a616d chromedriver + 328045
4   chromedriver                        0x000000010d4a1ca6 chromedriver + 310438
5   chromedriver                        0x000000010d49e7be chromedriver + 296894
6   chromedriver                        0x000000010d4d754b chromedriver + 529739
7   chromedriver                        0x000000010d4d1b83 chromedriver + 506755
8   chromedriver                        0x000000010d4a8480 chromedriver + 337024
9   chromedriver                        0x000000010d4a9615 chromedriver + 341525
10  chromedriver                        0x000000010d70bd9f chromedriver + 2842015
11  chromedriver                        0x000000010d71c562 chromedriver + 2909538
12  chromedriver                        0x000000010d71d7cc chromedriver + 2914252
13  chromedriver                        0x000000010d6f0f41 chromedriver + 2731841
14  chromedriver                        0x000000010d71dc9f chromedriver + 2915487
15  chromedriver                        0x000000010d70148c chromedriver + 2798732
16  chromedriver                        0x000000010d735c68 chromedriver + 3013736
17  chromedriver                        0x000000010d735df1 chromedriver + 3014129
18  chromedriver                        0x000000010d746b68 chromedriver + 3083112
19  libsystem_pthread.dylib             0x00007fff6dace2eb _pthread_body + 126
20  libsystem_pthread.dylib             0x00007fff6dad1249 _pthread_start + 66
21  libsystem_pthread.dylib             0x00007fff6dacd40d thread_start + 13

	at java.base/jdk.internal.reflect.NativeConstructorAccessorImpl.newInstance0(Native Method)
	at java.base/jdk.internal.reflect.NativeConstructorAccessorImpl.newInstance(NativeConstructorAccessorImpl.java:64)
	at java.base/jdk.internal.reflect.DelegatingConstructorAccessorImpl.newInstance(DelegatingConstructorAccessorImpl.java:45)
	at java.base/java.lang.reflect.Constructor.newInstanceWithCaller(Constructor.java:500)
	at java.base/java.lang.reflect.Constructor.newInstance(Constructor.java:481)
	at org.openqa.selenium.remote.W3CHandshakeResponse.lambda$errorHandler$0(W3CHandshakeResponse.java:62)
	at org.openqa.selenium.remote.HandshakeResponse.lambda$getResponseFunction$0(HandshakeResponse.java:30)
	at org.openqa.selenium.remote.ProtocolHandshake.lambda$createSession$0(ProtocolHandshake.java:126)
	at java.base/java.util.stream.ReferencePipeline$3$1.accept(ReferencePipeline.java:195)
	at java.base/java.util.Spliterators$ArraySpliterator.tryAdvance(Spliterators.java:958)
	at java.base/java.util.stream.ReferencePipeline.forEachWithCancel(ReferencePipeline.java:127)
	at java.base/java.util.stream.AbstractPipeline.copyIntoWithCancel(AbstractPipeline.java:502)
	at java.base/java.util.stream.AbstractPipeline.copyInto(AbstractPipeline.java:488)
	at java.base/java.util.stream.AbstractPipeline.wrapAndCopyInto(AbstractPipeline.java:474)
	at java.base/java.util.stream.FindOps$FindOp.evaluateSequential(FindOps.java:150)
	at java.base/java.util.stream.AbstractPipeline.evaluate(AbstractPipeline.java:234)
	at java.base/java.util.stream.ReferencePipeline.findFirst(ReferencePipeline.java:543)
	at org.openqa.selenium.remote.ProtocolHandshake.createSession(ProtocolHandshake.java:128)
	at org.openqa.selenium.remote.ProtocolHandshake.createSession(ProtocolHandshake.java:74)
	at org.openqa.selenium.remote.HttpCommandExecutor.execute(HttpCommandExecutor.java:136)
	at org.openqa.selenium.remote.service.DriverCommandExecutor.execute(DriverCommandExecutor.java:83)
	at org.openqa.selenium.remote.RemoteWebDriver.execute(RemoteWebDriver.java:552)
	at org.openqa.selenium.remote.RemoteWebDriver.startSession(RemoteWebDriver.java:213)
	at org.openqa.selenium.remote.RemoteWebDriver.&lt;init&gt;(RemoteWebDriver.java:131)
	at org.openqa.selenium.chrome.ChromeDriver.&lt;init&gt;(ChromeDriver.java:181)
	at org.openqa.selenium.chrome.ChromeDriver.&lt;init&gt;(ChromeDriver.java:168)
	at org.openqa.selenium.chrome.ChromeDriver.&lt;init&gt;(ChromeDriver.java:123)
	at CronberryTestng.CronberryTestng.integration.BaseClass.login(BaseClass.java:29)
	at java.base/jdk.internal.reflect.NativeMethodAccessorImpl.invoke0(Native Method)
	at java.base/jdk.internal.reflect.NativeMethodAccessorImpl.invoke(NativeMethodAccessorImpl.java:64)
	at java.base/jdk.internal.reflect.DelegatingMethodAccessorImpl.invoke(DelegatingMethodAccessorImpl.java:43)
	at java.base/java.lang.reflect.Method.invoke(Method.java:564)
	at org.testng.internal.MethodInvocationHelper.invokeMethod(MethodInvocationHelper.java:132)
	at org.testng.internal.MethodInvocationHelper.invokeMethodConsideringTimeout(MethodInvocationHelper.java:61)
	at org.testng.internal.ConfigInvoker.invokeConfigurationMethod(ConfigInvoker.java:366)
	at org.testng.internal.ConfigInvoker.invokeConfigurations(ConfigInvoker.java:320)
	at org.testng.SuiteRunner.privateRun(SuiteRunner.java:327)
	at org.testng.SuiteRunner.run(SuiteRunner.java:286)
	at org.testng.SuiteRunnerWorker.runSuite(SuiteRunnerWorker.java:53)
	at org.testng.SuiteRunnerWorker.run(SuiteRunnerWorker.java:96)
	at org.testng.TestNG.runSuitesSequentially(TestNG.java:1218)
	at org.testng.TestNG.runSuitesLocally(TestNG.java:1140)
	at org.testng.TestNG.runSuites(TestNG.java:1069)
	at org.testng.TestNG.run(TestNG.java:1037)
	at org.testng.remote.AbstractRemoteTestNG.run(AbstractRemoteTestNG.java:115)
	at org.testng.remote.RemoteTestNG.initAndRun(RemoteTestNG.java:251)
	at org.testng.remote.RemoteTestNG.main(RemoteTestNG.java:77)
</pre></div></td>
<td>0</td>
<td>CronberryTestng.CronberryTestng.integration.ProjectIntergration@154bd49b</td></tr>
<tr>
<td title='CronberryTestng.CronberryTestng.integration.ProjectIntergration.projectIntegrationGForm()'><b>projectIntegrationGForm</b><br>Test class: CronberryTestng.CronberryTestng.integration.ProjectIntergration<br>Test method: open project integration tab of google form</td>
<td><div><pre>org.openqa.selenium.SessionNotCreatedException: session not created: This version of ChromeDriver only supports Chrome version 92
Current browser version is 94.0.4606.61 with binary path /Applications/Google Chrome.app/Contents/MacOS/Google Chrome
Build info: version: &apos;3.141.59&apos;, revision: &apos;e82be7d358&apos;, time: &apos;2018-11-14T08:17:03&apos;
System info: host: &apos;Alcodess-MacBook-Air.local&apos;, ip: &apos;fe80:0:0:0:8f8:f62a:8c51:1c1a%en0&apos;, os.name: &apos;Mac OS X&apos;, os.arch: &apos;x86_64&apos;, os.version: &apos;10.14.6&apos;, java.version: &apos;15.0.1&apos;
Driver info: driver.version: ChromeDriver
remote stacktrace: 0   chromedriver                        0x000000010d740eb9 chromedriver + 3059385
1   chromedriver                        0x000000010de4c963 chromedriver + 10447203
2   chromedriver                        0x000000010d4802e8 chromedriver + 172776
3   chromedriver                        0x000000010d4a616d chromedriver + 328045
4   chromedriver                        0x000000010d4a1ca6 chromedriver + 310438
5   chromedriver                        0x000000010d49e7be chromedriver + 296894
6   chromedriver                        0x000000010d4d754b chromedriver + 529739
7   chromedriver                        0x000000010d4d1b83 chromedriver + 506755
8   chromedriver                        0x000000010d4a8480 chromedriver + 337024
9   chromedriver                        0x000000010d4a9615 chromedriver + 341525
10  chromedriver                        0x000000010d70bd9f chromedriver + 2842015
11  chromedriver                        0x000000010d71c562 chromedriver + 2909538
12  chromedriver                        0x000000010d71d7cc chromedriver + 2914252
13  chromedriver                        0x000000010d6f0f41 chromedriver + 2731841
14  chromedriver                        0x000000010d71dc9f chromedriver + 2915487
15  chromedriver                        0x000000010d70148c chromedriver + 2798732
16  chromedriver                        0x000000010d735c68 chromedriver + 3013736
17  chromedriver                        0x000000010d735df1 chromedriver + 3014129
18  chromedriver                        0x000000010d746b68 chromedriver + 3083112
19  libsystem_pthread.dylib             0x00007fff6dace2eb _pthread_body + 126
20  libsystem_pthread.dylib             0x00007fff6dad1249 _pthread_start + 66
21  libsystem_pthread.dylib             0x00007fff6dacd40d thread_start + 13

	at org.openqa.selenium.remote.W3CHandshakeResponse.lambda$errorHandler$0(W3CHandshakeResponse.java:62)
	at org.openqa.selenium.remote.HandshakeResponse.lambda$getResponseFunction$0(HandshakeResponse.java:30)
	at org.openqa.selenium.remote.ProtocolHandshake.lambda$createSession$0(ProtocolHandshake.java:126)
	at java.base/java.util.stream.ReferencePipeline$3$1.accept(ReferencePipeline.java:195)
	at java.base/java.util.Spliterators$ArraySpliterator.tryAdvance(Spliterators.java:958)
	at java.base/java.util.stream.ReferencePipeline.forEachWithCancel(ReferencePipeline.java:127)
	at java.base/java.util.stream.AbstractPipeline.copyIntoWithCancel(AbstractPipeline.java:502)
	at java.base/java.util.stream.AbstractPipeline.copyInto(AbstractPipeline.java:488)
	at java.base/java.util.stream.AbstractPipeline.wrapAndCopyInto(AbstractPipeline.java:474)
	at java.base/java.util.stream.FindOps$FindOp.evaluateSequential(FindOps.java:150)
	at java.base/java.util.stream.AbstractPipeline.evaluate(AbstractPipeline.java:234)
	at java.base/java.util.stream.ReferencePipeline.findFirst(ReferencePipeline.java:543)
	at org.openqa.selenium.remote.ProtocolHandshake.createSession(ProtocolHandshake.java:128)
	at org.openqa.selenium.remote.ProtocolHandshake.createSession(ProtocolHandshake.java:74)
	at org.openqa.selenium.remote.HttpCommandExecutor.execute(HttpCommandExecutor.java:136)
	at org.openqa.selenium.remote.service.DriverCommandExecutor.execute(DriverCommandExecutor.java:83)
	at org.openqa.selenium.remote.RemoteWebDriver.execute(RemoteWebDriver.java:552)
	at org.openqa.selenium.remote.RemoteWebDriver.startSession(RemoteWebDriver.java:213)
	at org.openqa.selenium.remote.RemoteWebDriver.&lt;init&gt;(RemoteWebDriver.java:131)
	at org.openqa.selenium.chrome.ChromeDriver.&lt;init&gt;(ChromeDriver.java:181)
	at org.openqa.selenium.chrome.ChromeDriver.&lt;init&gt;(ChromeDriver.java:168)
	at org.openqa.selenium.chrome.ChromeDriver.&lt;init&gt;(ChromeDriver.java:123)
	at CronberryTestng.CronberryTestng.integration.BaseClass.login(BaseClass.java:29)
... Removed 24 stack frames</pre></div><a href='#' onClick='toggleBox("stack-trace1236833317", this, "Click to show all stack frames", "Click to hide stack frames")'>Click to show all stack frames</a>
<div class='stack-trace' id='stack-trace1236833317'><pre>org.openqa.selenium.SessionNotCreatedException: session not created: This version of ChromeDriver only supports Chrome version 92
Current browser version is 94.0.4606.61 with binary path /Applications/Google Chrome.app/Contents/MacOS/Google Chrome
Build info: version: &apos;3.141.59&apos;, revision: &apos;e82be7d358&apos;, time: &apos;2018-11-14T08:17:03&apos;
System info: host: &apos;Alcodess-MacBook-Air.local&apos;, ip: &apos;fe80:0:0:0:8f8:f62a:8c51:1c1a%en0&apos;, os.name: &apos;Mac OS X&apos;, os.arch: &apos;x86_64&apos;, os.version: &apos;10.14.6&apos;, java.version: &apos;15.0.1&apos;
Driver info: driver.version: ChromeDriver
remote stacktrace: 0   chromedriver                        0x000000010d740eb9 chromedriver + 3059385
1   chromedriver                        0x000000010de4c963 chromedriver + 10447203
2   chromedriver                        0x000000010d4802e8 chromedriver + 172776
3   chromedriver                        0x000000010d4a616d chromedriver + 328045
4   chromedriver                        0x000000010d4a1ca6 chromedriver + 310438
5   chromedriver                        0x000000010d49e7be chromedriver + 296894
6   chromedriver                        0x000000010d4d754b chromedriver + 529739
7   chromedriver                        0x000000010d4d1b83 chromedriver + 506755
8   chromedriver                        0x000000010d4a8480 chromedriver + 337024
9   chromedriver                        0x000000010d4a9615 chromedriver + 341525
10  chromedriver                        0x000000010d70bd9f chromedriver + 2842015
11  chromedriver                        0x000000010d71c562 chromedriver + 2909538
12  chromedriver                        0x000000010d71d7cc chromedriver + 2914252
13  chromedriver                        0x000000010d6f0f41 chromedriver + 2731841
14  chromedriver                        0x000000010d71dc9f chromedriver + 2915487
15  chromedriver                        0x000000010d70148c chromedriver + 2798732
16  chromedriver                        0x000000010d735c68 chromedriver + 3013736
17  chromedriver                        0x000000010d735df1 chromedriver + 3014129
18  chromedriver                        0x000000010d746b68 chromedriver + 3083112
19  libsystem_pthread.dylib             0x00007fff6dace2eb _pthread_body + 126
20  libsystem_pthread.dylib             0x00007fff6dad1249 _pthread_start + 66
21  libsystem_pthread.dylib             0x00007fff6dacd40d thread_start + 13

	at java.base/jdk.internal.reflect.NativeConstructorAccessorImpl.newInstance0(Native Method)
	at java.base/jdk.internal.reflect.NativeConstructorAccessorImpl.newInstance(NativeConstructorAccessorImpl.java:64)
	at java.base/jdk.internal.reflect.DelegatingConstructorAccessorImpl.newInstance(DelegatingConstructorAccessorImpl.java:45)
	at java.base/java.lang.reflect.Constructor.newInstanceWithCaller(Constructor.java:500)
	at java.base/java.lang.reflect.Constructor.newInstance(Constructor.java:481)
	at org.openqa.selenium.remote.W3CHandshakeResponse.lambda$errorHandler$0(W3CHandshakeResponse.java:62)
	at org.openqa.selenium.remote.HandshakeResponse.lambda$getResponseFunction$0(HandshakeResponse.java:30)
	at org.openqa.selenium.remote.ProtocolHandshake.lambda$createSession$0(ProtocolHandshake.java:126)
	at java.base/java.util.stream.ReferencePipeline$3$1.accept(ReferencePipeline.java:195)
	at java.base/java.util.Spliterators$ArraySpliterator.tryAdvance(Spliterators.java:958)
	at java.base/java.util.stream.ReferencePipeline.forEachWithCancel(ReferencePipeline.java:127)
	at java.base/java.util.stream.AbstractPipeline.copyIntoWithCancel(AbstractPipeline.java:502)
	at java.base/java.util.stream.AbstractPipeline.copyInto(AbstractPipeline.java:488)
	at java.base/java.util.stream.AbstractPipeline.wrapAndCopyInto(AbstractPipeline.java:474)
	at java.base/java.util.stream.FindOps$FindOp.evaluateSequential(FindOps.java:150)
	at java.base/java.util.stream.AbstractPipeline.evaluate(AbstractPipeline.java:234)
	at java.base/java.util.stream.ReferencePipeline.findFirst(ReferencePipeline.java:543)
	at org.openqa.selenium.remote.ProtocolHandshake.createSession(ProtocolHandshake.java:128)
	at org.openqa.selenium.remote.ProtocolHandshake.createSession(ProtocolHandshake.java:74)
	at org.openqa.selenium.remote.HttpCommandExecutor.execute(HttpCommandExecutor.java:136)
	at org.openqa.selenium.remote.service.DriverCommandExecutor.execute(DriverCommandExecutor.java:83)
	at org.openqa.selenium.remote.RemoteWebDriver.execute(RemoteWebDriver.java:552)
	at org.openqa.selenium.remote.RemoteWebDriver.startSession(RemoteWebDriver.java:213)
	at org.openqa.selenium.remote.RemoteWebDriver.&lt;init&gt;(RemoteWebDriver.java:131)
	at org.openqa.selenium.chrome.ChromeDriver.&lt;init&gt;(ChromeDriver.java:181)
	at org.openqa.selenium.chrome.ChromeDriver.&lt;init&gt;(ChromeDriver.java:168)
	at org.openqa.selenium.chrome.ChromeDriver.&lt;init&gt;(ChromeDriver.java:123)
	at CronberryTestng.CronberryTestng.integration.BaseClass.login(BaseClass.java:29)
	at java.base/jdk.internal.reflect.NativeMethodAccessorImpl.invoke0(Native Method)
	at java.base/jdk.internal.reflect.NativeMethodAccessorImpl.invoke(NativeMethodAccessorImpl.java:64)
	at java.base/jdk.internal.reflect.DelegatingMethodAccessorImpl.invoke(DelegatingMethodAccessorImpl.java:43)
	at java.base/java.lang.reflect.Method.invoke(Method.java:564)
	at org.testng.internal.MethodInvocationHelper.invokeMethod(MethodInvocationHelper.java:132)
	at org.testng.internal.MethodInvocationHelper.invokeMethodConsideringTimeout(MethodInvocationHelper.java:61)
	at org.testng.internal.ConfigInvoker.invokeConfigurationMethod(ConfigInvoker.java:366)
	at org.testng.internal.ConfigInvoker.invokeConfigurations(ConfigInvoker.java:320)
	at org.testng.SuiteRunner.privateRun(SuiteRunner.java:327)
	at org.testng.SuiteRunner.run(SuiteRunner.java:286)
	at org.testng.SuiteRunnerWorker.runSuite(SuiteRunnerWorker.java:53)
	at org.testng.SuiteRunnerWorker.run(SuiteRunnerWorker.java:96)
	at org.testng.TestNG.runSuitesSequentially(TestNG.java:1218)
	at org.testng.TestNG.runSuitesLocally(TestNG.java:1140)
	at org.testng.TestNG.runSuites(TestNG.java:1069)
	at org.testng.TestNG.run(TestNG.java:1037)
	at org.testng.remote.AbstractRemoteTestNG.run(AbstractRemoteTestNG.java:115)
	at org.testng.remote.RemoteTestNG.initAndRun(RemoteTestNG.java:251)
	at org.testng.remote.RemoteTestNG.main(RemoteTestNG.java:77)
</pre></div></td>
<td>0</td>
<td>CronberryTestng.CronberryTestng.integration.ProjectIntergration@154bd49b</td></tr>
<tr>
<td title='CronberryTestng.CronberryTestng.integration.ProjectIntergration.projectIntegrationMarketPlace()'><b>projectIntegrationMarketPlace</b><br>Test class: CronberryTestng.CronberryTestng.integration.ProjectIntergration<br>Test method: open project integration tab of Marketplace</td>
<td><div><pre>org.openqa.selenium.SessionNotCreatedException: session not created: This version of ChromeDriver only supports Chrome version 92
Current browser version is 94.0.4606.61 with binary path /Applications/Google Chrome.app/Contents/MacOS/Google Chrome
Build info: version: &apos;3.141.59&apos;, revision: &apos;e82be7d358&apos;, time: &apos;2018-11-14T08:17:03&apos;
System info: host: &apos;Alcodess-MacBook-Air.local&apos;, ip: &apos;fe80:0:0:0:8f8:f62a:8c51:1c1a%en0&apos;, os.name: &apos;Mac OS X&apos;, os.arch: &apos;x86_64&apos;, os.version: &apos;10.14.6&apos;, java.version: &apos;15.0.1&apos;
Driver info: driver.version: ChromeDriver
remote stacktrace: 0   chromedriver                        0x000000010d740eb9 chromedriver + 3059385
1   chromedriver                        0x000000010de4c963 chromedriver + 10447203
2   chromedriver                        0x000000010d4802e8 chromedriver + 172776
3   chromedriver                        0x000000010d4a616d chromedriver + 328045
4   chromedriver                        0x000000010d4a1ca6 chromedriver + 310438
5   chromedriver                        0x000000010d49e7be chromedriver + 296894
6   chromedriver                        0x000000010d4d754b chromedriver + 529739
7   chromedriver                        0x000000010d4d1b83 chromedriver + 506755
8   chromedriver                        0x000000010d4a8480 chromedriver + 337024
9   chromedriver                        0x000000010d4a9615 chromedriver + 341525
10  chromedriver                        0x000000010d70bd9f chromedriver + 2842015
11  chromedriver                        0x000000010d71c562 chromedriver + 2909538
12  chromedriver                        0x000000010d71d7cc chromedriver + 2914252
13  chromedriver                        0x000000010d6f0f41 chromedriver + 2731841
14  chromedriver                        0x000000010d71dc9f chromedriver + 2915487
15  chromedriver                        0x000000010d70148c chromedriver + 2798732
16  chromedriver                        0x000000010d735c68 chromedriver + 3013736
17  chromedriver                        0x000000010d735df1 chromedriver + 3014129
18  chromedriver                        0x000000010d746b68 chromedriver + 3083112
19  libsystem_pthread.dylib             0x00007fff6dace2eb _pthread_body + 126
20  libsystem_pthread.dylib             0x00007fff6dad1249 _pthread_start + 66
21  libsystem_pthread.dylib             0x00007fff6dacd40d thread_start + 13

	at org.openqa.selenium.remote.W3CHandshakeResponse.lambda$errorHandler$0(W3CHandshakeResponse.java:62)
	at org.openqa.selenium.remote.HandshakeResponse.lambda$getResponseFunction$0(HandshakeResponse.java:30)
	at org.openqa.selenium.remote.ProtocolHandshake.lambda$createSession$0(ProtocolHandshake.java:126)
	at java.base/java.util.stream.ReferencePipeline$3$1.accept(ReferencePipeline.java:195)
	at java.base/java.util.Spliterators$ArraySpliterator.tryAdvance(Spliterators.java:958)
	at java.base/java.util.stream.ReferencePipeline.forEachWithCancel(ReferencePipeline.java:127)
	at java.base/java.util.stream.AbstractPipeline.copyIntoWithCancel(AbstractPipeline.java:502)
	at java.base/java.util.stream.AbstractPipeline.copyInto(AbstractPipeline.java:488)
	at java.base/java.util.stream.AbstractPipeline.wrapAndCopyInto(AbstractPipeline.java:474)
	at java.base/java.util.stream.FindOps$FindOp.evaluateSequential(FindOps.java:150)
	at java.base/java.util.stream.AbstractPipeline.evaluate(AbstractPipeline.java:234)
	at java.base/java.util.stream.ReferencePipeline.findFirst(ReferencePipeline.java:543)
	at org.openqa.selenium.remote.ProtocolHandshake.createSession(ProtocolHandshake.java:128)
	at org.openqa.selenium.remote.ProtocolHandshake.createSession(ProtocolHandshake.java:74)
	at org.openqa.selenium.remote.HttpCommandExecutor.execute(HttpCommandExecutor.java:136)
	at org.openqa.selenium.remote.service.DriverCommandExecutor.execute(DriverCommandExecutor.java:83)
	at org.openqa.selenium.remote.RemoteWebDriver.execute(RemoteWebDriver.java:552)
	at org.openqa.selenium.remote.RemoteWebDriver.startSession(RemoteWebDriver.java:213)
	at org.openqa.selenium.remote.RemoteWebDriver.&lt;init&gt;(RemoteWebDriver.java:131)
	at org.openqa.selenium.chrome.ChromeDriver.&lt;init&gt;(ChromeDriver.java:181)
	at org.openqa.selenium.chrome.ChromeDriver.&lt;init&gt;(ChromeDriver.java:168)
	at org.openqa.selenium.chrome.ChromeDriver.&lt;init&gt;(ChromeDriver.java:123)
	at CronberryTestng.CronberryTestng.integration.BaseClass.login(BaseClass.java:29)
... Removed 24 stack frames</pre></div><a href='#' onClick='toggleBox("stack-trace1200187371", this, "Click to show all stack frames", "Click to hide stack frames")'>Click to show all stack frames</a>
<div class='stack-trace' id='stack-trace1200187371'><pre>org.openqa.selenium.SessionNotCreatedException: session not created: This version of ChromeDriver only supports Chrome version 92
Current browser version is 94.0.4606.61 with binary path /Applications/Google Chrome.app/Contents/MacOS/Google Chrome
Build info: version: &apos;3.141.59&apos;, revision: &apos;e82be7d358&apos;, time: &apos;2018-11-14T08:17:03&apos;
System info: host: &apos;Alcodess-MacBook-Air.local&apos;, ip: &apos;fe80:0:0:0:8f8:f62a:8c51:1c1a%en0&apos;, os.name: &apos;Mac OS X&apos;, os.arch: &apos;x86_64&apos;, os.version: &apos;10.14.6&apos;, java.version: &apos;15.0.1&apos;
Driver info: driver.version: ChromeDriver
remote stacktrace: 0   chromedriver                        0x000000010d740eb9 chromedriver + 3059385
1   chromedriver                        0x000000010de4c963 chromedriver + 10447203
2   chromedriver                        0x000000010d4802e8 chromedriver + 172776
3   chromedriver                        0x000000010d4a616d chromedriver + 328045
4   chromedriver                        0x000000010d4a1ca6 chromedriver + 310438
5   chromedriver                        0x000000010d49e7be chromedriver + 296894
6   chromedriver                        0x000000010d4d754b chromedriver + 529739
7   chromedriver                        0x000000010d4d1b83 chromedriver + 506755
8   chromedriver                        0x000000010d4a8480 chromedriver + 337024
9   chromedriver                        0x000000010d4a9615 chromedriver + 341525
10  chromedriver                        0x000000010d70bd9f chromedriver + 2842015
11  chromedriver                        0x000000010d71c562 chromedriver + 2909538
12  chromedriver                        0x000000010d71d7cc chromedriver + 2914252
13  chromedriver                        0x000000010d6f0f41 chromedriver + 2731841
14  chromedriver                        0x000000010d71dc9f chromedriver + 2915487
15  chromedriver                        0x000000010d70148c chromedriver + 2798732
16  chromedriver                        0x000000010d735c68 chromedriver + 3013736
17  chromedriver                        0x000000010d735df1 chromedriver + 3014129
18  chromedriver                        0x000000010d746b68 chromedriver + 3083112
19  libsystem_pthread.dylib             0x00007fff6dace2eb _pthread_body + 126
20  libsystem_pthread.dylib             0x00007fff6dad1249 _pthread_start + 66
21  libsystem_pthread.dylib             0x00007fff6dacd40d thread_start + 13

	at java.base/jdk.internal.reflect.NativeConstructorAccessorImpl.newInstance0(Native Method)
	at java.base/jdk.internal.reflect.NativeConstructorAccessorImpl.newInstance(NativeConstructorAccessorImpl.java:64)
	at java.base/jdk.internal.reflect.DelegatingConstructorAccessorImpl.newInstance(DelegatingConstructorAccessorImpl.java:45)
	at java.base/java.lang.reflect.Constructor.newInstanceWithCaller(Constructor.java:500)
	at java.base/java.lang.reflect.Constructor.newInstance(Constructor.java:481)
	at org.openqa.selenium.remote.W3CHandshakeResponse.lambda$errorHandler$0(W3CHandshakeResponse.java:62)
	at org.openqa.selenium.remote.HandshakeResponse.lambda$getResponseFunction$0(HandshakeResponse.java:30)
	at org.openqa.selenium.remote.ProtocolHandshake.lambda$createSession$0(ProtocolHandshake.java:126)
	at java.base/java.util.stream.ReferencePipeline$3$1.accept(ReferencePipeline.java:195)
	at java.base/java.util.Spliterators$ArraySpliterator.tryAdvance(Spliterators.java:958)
	at java.base/java.util.stream.ReferencePipeline.forEachWithCancel(ReferencePipeline.java:127)
	at java.base/java.util.stream.AbstractPipeline.copyIntoWithCancel(AbstractPipeline.java:502)
	at java.base/java.util.stream.AbstractPipeline.copyInto(AbstractPipeline.java:488)
	at java.base/java.util.stream.AbstractPipeline.wrapAndCopyInto(AbstractPipeline.java:474)
	at java.base/java.util.stream.FindOps$FindOp.evaluateSequential(FindOps.java:150)
	at java.base/java.util.stream.AbstractPipeline.evaluate(AbstractPipeline.java:234)
	at java.base/java.util.stream.ReferencePipeline.findFirst(ReferencePipeline.java:543)
	at org.openqa.selenium.remote.ProtocolHandshake.createSession(ProtocolHandshake.java:128)
	at org.openqa.selenium.remote.ProtocolHandshake.createSession(ProtocolHandshake.java:74)
	at org.openqa.selenium.remote.HttpCommandExecutor.execute(HttpCommandExecutor.java:136)
	at org.openqa.selenium.remote.service.DriverCommandExecutor.execute(DriverCommandExecutor.java:83)
	at org.openqa.selenium.remote.RemoteWebDriver.execute(RemoteWebDriver.java:552)
	at org.openqa.selenium.remote.RemoteWebDriver.startSession(RemoteWebDriver.java:213)
	at org.openqa.selenium.remote.RemoteWebDriver.&lt;init&gt;(RemoteWebDriver.java:131)
	at org.openqa.selenium.chrome.ChromeDriver.&lt;init&gt;(ChromeDriver.java:181)
	at org.openqa.selenium.chrome.ChromeDriver.&lt;init&gt;(ChromeDriver.java:168)
	at org.openqa.selenium.chrome.ChromeDriver.&lt;init&gt;(ChromeDriver.java:123)
	at CronberryTestng.CronberryTestng.integration.BaseClass.login(BaseClass.java:29)
	at java.base/jdk.internal.reflect.NativeMethodAccessorImpl.invoke0(Native Method)
	at java.base/jdk.internal.reflect.NativeMethodAccessorImpl.invoke(NativeMethodAccessorImpl.java:64)
	at java.base/jdk.internal.reflect.DelegatingMethodAccessorImpl.invoke(DelegatingMethodAccessorImpl.java:43)
	at java.base/java.lang.reflect.Method.invoke(Method.java:564)
	at org.testng.internal.MethodInvocationHelper.invokeMethod(MethodInvocationHelper.java:132)
	at org.testng.internal.MethodInvocationHelper.invokeMethodConsideringTimeout(MethodInvocationHelper.java:61)
	at org.testng.internal.ConfigInvoker.invokeConfigurationMethod(ConfigInvoker.java:366)
	at org.testng.internal.ConfigInvoker.invokeConfigurations(ConfigInvoker.java:320)
	at org.testng.SuiteRunner.privateRun(SuiteRunner.java:327)
	at org.testng.SuiteRunner.run(SuiteRunner.java:286)
	at org.testng.SuiteRunnerWorker.runSuite(SuiteRunnerWorker.java:53)
	at org.testng.SuiteRunnerWorker.run(SuiteRunnerWorker.java:96)
	at org.testng.TestNG.runSuitesSequentially(TestNG.java:1218)
	at org.testng.TestNG.runSuitesLocally(TestNG.java:1140)
	at org.testng.TestNG.runSuites(TestNG.java:1069)
	at org.testng.TestNG.run(TestNG.java:1037)
	at org.testng.remote.AbstractRemoteTestNG.run(AbstractRemoteTestNG.java:115)
	at org.testng.remote.RemoteTestNG.initAndRun(RemoteTestNG.java:251)
	at org.testng.remote.RemoteTestNG.main(RemoteTestNG.java:77)
</pre></div></td>
<td>0</td>
<td>CronberryTestng.CronberryTestng.integration.ProjectIntergration@154bd49b</td></tr>
<tr>
<td title='CronberryTestng.CronberryTestng.integration.ProjectIntergration.projectIntegrationSocialMedia()'><b>projectIntegrationSocialMedia</b><br>Test class: CronberryTestng.CronberryTestng.integration.ProjectIntergration<br>Test method: open project integration tab of SocialMedia</td>
<td><div><pre>org.openqa.selenium.SessionNotCreatedException: session not created: This version of ChromeDriver only supports Chrome version 92
Current browser version is 94.0.4606.61 with binary path /Applications/Google Chrome.app/Contents/MacOS/Google Chrome
Build info: version: &apos;3.141.59&apos;, revision: &apos;e82be7d358&apos;, time: &apos;2018-11-14T08:17:03&apos;
System info: host: &apos;Alcodess-MacBook-Air.local&apos;, ip: &apos;fe80:0:0:0:8f8:f62a:8c51:1c1a%en0&apos;, os.name: &apos;Mac OS X&apos;, os.arch: &apos;x86_64&apos;, os.version: &apos;10.14.6&apos;, java.version: &apos;15.0.1&apos;
Driver info: driver.version: ChromeDriver
remote stacktrace: 0   chromedriver                        0x000000010d740eb9 chromedriver + 3059385
1   chromedriver                        0x000000010de4c963 chromedriver + 10447203
2   chromedriver                        0x000000010d4802e8 chromedriver + 172776
3   chromedriver                        0x000000010d4a616d chromedriver + 328045
4   chromedriver                        0x000000010d4a1ca6 chromedriver + 310438
5   chromedriver                        0x000000010d49e7be chromedriver + 296894
6   chromedriver                        0x000000010d4d754b chromedriver + 529739
7   chromedriver                        0x000000010d4d1b83 chromedriver + 506755
8   chromedriver                        0x000000010d4a8480 chromedriver + 337024
9   chromedriver                        0x000000010d4a9615 chromedriver + 341525
10  chromedriver                        0x000000010d70bd9f chromedriver + 2842015
11  chromedriver                        0x000000010d71c562 chromedriver + 2909538
12  chromedriver                        0x000000010d71d7cc chromedriver + 2914252
13  chromedriver                        0x000000010d6f0f41 chromedriver + 2731841
14  chromedriver                        0x000000010d71dc9f chromedriver + 2915487
15  chromedriver                        0x000000010d70148c chromedriver + 2798732
16  chromedriver                        0x000000010d735c68 chromedriver + 3013736
17  chromedriver                        0x000000010d735df1 chromedriver + 3014129
18  chromedriver                        0x000000010d746b68 chromedriver + 3083112
19  libsystem_pthread.dylib             0x00007fff6dace2eb _pthread_body + 126
20  libsystem_pthread.dylib             0x00007fff6dad1249 _pthread_start + 66
21  libsystem_pthread.dylib             0x00007fff6dacd40d thread_start + 13

	at org.openqa.selenium.remote.W3CHandshakeResponse.lambda$errorHandler$0(W3CHandshakeResponse.java:62)
	at org.openqa.selenium.remote.HandshakeResponse.lambda$getResponseFunction$0(HandshakeResponse.java:30)
	at org.openqa.selenium.remote.ProtocolHandshake.lambda$createSession$0(ProtocolHandshake.java:126)
	at java.base/java.util.stream.ReferencePipeline$3$1.accept(ReferencePipeline.java:195)
	at java.base/java.util.Spliterators$ArraySpliterator.tryAdvance(Spliterators.java:958)
	at java.base/java.util.stream.ReferencePipeline.forEachWithCancel(ReferencePipeline.java:127)
	at java.base/java.util.stream.AbstractPipeline.copyIntoWithCancel(AbstractPipeline.java:502)
	at java.base/java.util.stream.AbstractPipeline.copyInto(AbstractPipeline.java:488)
	at java.base/java.util.stream.AbstractPipeline.wrapAndCopyInto(AbstractPipeline.java:474)
	at java.base/java.util.stream.FindOps$FindOp.evaluateSequential(FindOps.java:150)
	at java.base/java.util.stream.AbstractPipeline.evaluate(AbstractPipeline.java:234)
	at java.base/java.util.stream.ReferencePipeline.findFirst(ReferencePipeline.java:543)
	at org.openqa.selenium.remote.ProtocolHandshake.createSession(ProtocolHandshake.java:128)
	at org.openqa.selenium.remote.ProtocolHandshake.createSession(ProtocolHandshake.java:74)
	at org.openqa.selenium.remote.HttpCommandExecutor.execute(HttpCommandExecutor.java:136)
	at org.openqa.selenium.remote.service.DriverCommandExecutor.execute(DriverCommandExecutor.java:83)
	at org.openqa.selenium.remote.RemoteWebDriver.execute(RemoteWebDriver.java:552)
	at org.openqa.selenium.remote.RemoteWebDriver.startSession(RemoteWebDriver.java:213)
	at org.openqa.selenium.remote.RemoteWebDriver.&lt;init&gt;(RemoteWebDriver.java:131)
	at org.openqa.selenium.chrome.ChromeDriver.&lt;init&gt;(ChromeDriver.java:181)
	at org.openqa.selenium.chrome.ChromeDriver.&lt;init&gt;(ChromeDriver.java:168)
	at org.openqa.selenium.chrome.ChromeDriver.&lt;init&gt;(ChromeDriver.java:123)
	at CronberryTestng.CronberryTestng.integration.BaseClass.login(BaseClass.java:29)
... Removed 24 stack frames</pre></div><a href='#' onClick='toggleBox("stack-trace1243470467", this, "Click to show all stack frames", "Click to hide stack frames")'>Click to show all stack frames</a>
<div class='stack-trace' id='stack-trace1243470467'><pre>org.openqa.selenium.SessionNotCreatedException: session not created: This version of ChromeDriver only supports Chrome version 92
Current browser version is 94.0.4606.61 with binary path /Applications/Google Chrome.app/Contents/MacOS/Google Chrome
Build info: version: &apos;3.141.59&apos;, revision: &apos;e82be7d358&apos;, time: &apos;2018-11-14T08:17:03&apos;
System info: host: &apos;Alcodess-MacBook-Air.local&apos;, ip: &apos;fe80:0:0:0:8f8:f62a:8c51:1c1a%en0&apos;, os.name: &apos;Mac OS X&apos;, os.arch: &apos;x86_64&apos;, os.version: &apos;10.14.6&apos;, java.version: &apos;15.0.1&apos;
Driver info: driver.version: ChromeDriver
remote stacktrace: 0   chromedriver                        0x000000010d740eb9 chromedriver + 3059385
1   chromedriver                        0x000000010de4c963 chromedriver + 10447203
2   chromedriver                        0x000000010d4802e8 chromedriver + 172776
3   chromedriver                        0x000000010d4a616d chromedriver + 328045
4   chromedriver                        0x000000010d4a1ca6 chromedriver + 310438
5   chromedriver                        0x000000010d49e7be chromedriver + 296894
6   chromedriver                        0x000000010d4d754b chromedriver + 529739
7   chromedriver                        0x000000010d4d1b83 chromedriver + 506755
8   chromedriver                        0x000000010d4a8480 chromedriver + 337024
9   chromedriver                        0x000000010d4a9615 chromedriver + 341525
10  chromedriver                        0x000000010d70bd9f chromedriver + 2842015
11  chromedriver                        0x000000010d71c562 chromedriver + 2909538
12  chromedriver                        0x000000010d71d7cc chromedriver + 2914252
13  chromedriver                        0x000000010d6f0f41 chromedriver + 2731841
14  chromedriver                        0x000000010d71dc9f chromedriver + 2915487
15  chromedriver                        0x000000010d70148c chromedriver + 2798732
16  chromedriver                        0x000000010d735c68 chromedriver + 3013736
17  chromedriver                        0x000000010d735df1 chromedriver + 3014129
18  chromedriver                        0x000000010d746b68 chromedriver + 3083112
19  libsystem_pthread.dylib             0x00007fff6dace2eb _pthread_body + 126
20  libsystem_pthread.dylib             0x00007fff6dad1249 _pthread_start + 66
21  libsystem_pthread.dylib             0x00007fff6dacd40d thread_start + 13

	at java.base/jdk.internal.reflect.NativeConstructorAccessorImpl.newInstance0(Native Method)
	at java.base/jdk.internal.reflect.NativeConstructorAccessorImpl.newInstance(NativeConstructorAccessorImpl.java:64)
	at java.base/jdk.internal.reflect.DelegatingConstructorAccessorImpl.newInstance(DelegatingConstructorAccessorImpl.java:45)
	at java.base/java.lang.reflect.Constructor.newInstanceWithCaller(Constructor.java:500)
	at java.base/java.lang.reflect.Constructor.newInstance(Constructor.java:481)
	at org.openqa.selenium.remote.W3CHandshakeResponse.lambda$errorHandler$0(W3CHandshakeResponse.java:62)
	at org.openqa.selenium.remote.HandshakeResponse.lambda$getResponseFunction$0(HandshakeResponse.java:30)
	at org.openqa.selenium.remote.ProtocolHandshake.lambda$createSession$0(ProtocolHandshake.java:126)
	at java.base/java.util.stream.ReferencePipeline$3$1.accept(ReferencePipeline.java:195)
	at java.base/java.util.Spliterators$ArraySpliterator.tryAdvance(Spliterators.java:958)
	at java.base/java.util.stream.ReferencePipeline.forEachWithCancel(ReferencePipeline.java:127)
	at java.base/java.util.stream.AbstractPipeline.copyIntoWithCancel(AbstractPipeline.java:502)
	at java.base/java.util.stream.AbstractPipeline.copyInto(AbstractPipeline.java:488)
	at java.base/java.util.stream.AbstractPipeline.wrapAndCopyInto(AbstractPipeline.java:474)
	at java.base/java.util.stream.FindOps$FindOp.evaluateSequential(FindOps.java:150)
	at java.base/java.util.stream.AbstractPipeline.evaluate(AbstractPipeline.java:234)
	at java.base/java.util.stream.ReferencePipeline.findFirst(ReferencePipeline.java:543)
	at org.openqa.selenium.remote.ProtocolHandshake.createSession(ProtocolHandshake.java:128)
	at org.openqa.selenium.remote.ProtocolHandshake.createSession(ProtocolHandshake.java:74)
	at org.openqa.selenium.remote.HttpCommandExecutor.execute(HttpCommandExecutor.java:136)
	at org.openqa.selenium.remote.service.DriverCommandExecutor.execute(DriverCommandExecutor.java:83)
	at org.openqa.selenium.remote.RemoteWebDriver.execute(RemoteWebDriver.java:552)
	at org.openqa.selenium.remote.RemoteWebDriver.startSession(RemoteWebDriver.java:213)
	at org.openqa.selenium.remote.RemoteWebDriver.&lt;init&gt;(RemoteWebDriver.java:131)
	at org.openqa.selenium.chrome.ChromeDriver.&lt;init&gt;(ChromeDriver.java:181)
	at org.openqa.selenium.chrome.ChromeDriver.&lt;init&gt;(ChromeDriver.java:168)
	at org.openqa.selenium.chrome.ChromeDriver.&lt;init&gt;(ChromeDriver.java:123)
	at CronberryTestng.CronberryTestng.integration.BaseClass.login(BaseClass.java:29)
	at java.base/jdk.internal.reflect.NativeMethodAccessorImpl.invoke0(Native Method)
	at java.base/jdk.internal.reflect.NativeMethodAccessorImpl.invoke(NativeMethodAccessorImpl.java:64)
	at java.base/jdk.internal.reflect.DelegatingMethodAccessorImpl.invoke(DelegatingMethodAccessorImpl.java:43)
	at java.base/java.lang.reflect.Method.invoke(Method.java:564)
	at org.testng.internal.MethodInvocationHelper.invokeMethod(MethodInvocationHelper.java:132)
	at org.testng.internal.MethodInvocationHelper.invokeMethodConsideringTimeout(MethodInvocationHelper.java:61)
	at org.testng.internal.ConfigInvoker.invokeConfigurationMethod(ConfigInvoker.java:366)
	at org.testng.internal.ConfigInvoker.invokeConfigurations(ConfigInvoker.java:320)
	at org.testng.SuiteRunner.privateRun(SuiteRunner.java:327)
	at org.testng.SuiteRunner.run(SuiteRunner.java:286)
	at org.testng.SuiteRunnerWorker.runSuite(SuiteRunnerWorker.java:53)
	at org.testng.SuiteRunnerWorker.run(SuiteRunnerWorker.java:96)
	at org.testng.TestNG.runSuitesSequentially(TestNG.java:1218)
	at org.testng.TestNG.runSuitesLocally(TestNG.java:1140)
	at org.testng.TestNG.runSuites(TestNG.java:1069)
	at org.testng.TestNG.run(TestNG.java:1037)
	at org.testng.remote.AbstractRemoteTestNG.run(AbstractRemoteTestNG.java:115)
	at org.testng.remote.RemoteTestNG.initAndRun(RemoteTestNG.java:251)
	at org.testng.remote.RemoteTestNG.main(RemoteTestNG.java:77)
</pre></div></td>
<td>0</td>
<td>CronberryTestng.CronberryTestng.integration.ProjectIntergration@154bd49b</td></tr>
<tr>
<td title='CronberryTestng.CronberryTestng.integration.ProjectIntergration.projectIntegrationSubMenu()'><b>projectIntegrationSubMenu</b><br>Test class: CronberryTestng.CronberryTestng.integration.ProjectIntergration<br>Test method: open project integration sub menus</td>
<td><div><pre>org.openqa.selenium.SessionNotCreatedException: session not created: This version of ChromeDriver only supports Chrome version 92
Current browser version is 94.0.4606.61 with binary path /Applications/Google Chrome.app/Contents/MacOS/Google Chrome
Build info: version: &apos;3.141.59&apos;, revision: &apos;e82be7d358&apos;, time: &apos;2018-11-14T08:17:03&apos;
System info: host: &apos;Alcodess-MacBook-Air.local&apos;, ip: &apos;fe80:0:0:0:8f8:f62a:8c51:1c1a%en0&apos;, os.name: &apos;Mac OS X&apos;, os.arch: &apos;x86_64&apos;, os.version: &apos;10.14.6&apos;, java.version: &apos;15.0.1&apos;
Driver info: driver.version: ChromeDriver
remote stacktrace: 0   chromedriver                        0x000000010d740eb9 chromedriver + 3059385
1   chromedriver                        0x000000010de4c963 chromedriver + 10447203
2   chromedriver                        0x000000010d4802e8 chromedriver + 172776
3   chromedriver                        0x000000010d4a616d chromedriver + 328045
4   chromedriver                        0x000000010d4a1ca6 chromedriver + 310438
5   chromedriver                        0x000000010d49e7be chromedriver + 296894
6   chromedriver                        0x000000010d4d754b chromedriver + 529739
7   chromedriver                        0x000000010d4d1b83 chromedriver + 506755
8   chromedriver                        0x000000010d4a8480 chromedriver + 337024
9   chromedriver                        0x000000010d4a9615 chromedriver + 341525
10  chromedriver                        0x000000010d70bd9f chromedriver + 2842015
11  chromedriver                        0x000000010d71c562 chromedriver + 2909538
12  chromedriver                        0x000000010d71d7cc chromedriver + 2914252
13  chromedriver                        0x000000010d6f0f41 chromedriver + 2731841
14  chromedriver                        0x000000010d71dc9f chromedriver + 2915487
15  chromedriver                        0x000000010d70148c chromedriver + 2798732
16  chromedriver                        0x000000010d735c68 chromedriver + 3013736
17  chromedriver                        0x000000010d735df1 chromedriver + 3014129
18  chromedriver                        0x000000010d746b68 chromedriver + 3083112
19  libsystem_pthread.dylib             0x00007fff6dace2eb _pthread_body + 126
20  libsystem_pthread.dylib             0x00007fff6dad1249 _pthread_start + 66
21  libsystem_pthread.dylib             0x00007fff6dacd40d thread_start + 13

	at org.openqa.selenium.remote.W3CHandshakeResponse.lambda$errorHandler$0(W3CHandshakeResponse.java:62)
	at org.openqa.selenium.remote.HandshakeResponse.lambda$getResponseFunction$0(HandshakeResponse.java:30)
	at org.openqa.selenium.remote.ProtocolHandshake.lambda$createSession$0(ProtocolHandshake.java:126)
	at java.base/java.util.stream.ReferencePipeline$3$1.accept(ReferencePipeline.java:195)
	at java.base/java.util.Spliterators$ArraySpliterator.tryAdvance(Spliterators.java:958)
	at java.base/java.util.stream.ReferencePipeline.forEachWithCancel(ReferencePipeline.java:127)
	at java.base/java.util.stream.AbstractPipeline.copyIntoWithCancel(AbstractPipeline.java:502)
	at java.base/java.util.stream.AbstractPipeline.copyInto(AbstractPipeline.java:488)
	at java.base/java.util.stream.AbstractPipeline.wrapAndCopyInto(AbstractPipeline.java:474)
	at java.base/java.util.stream.FindOps$FindOp.evaluateSequential(FindOps.java:150)
	at java.base/java.util.stream.AbstractPipeline.evaluate(AbstractPipeline.java:234)
	at java.base/java.util.stream.ReferencePipeline.findFirst(ReferencePipeline.java:543)
	at org.openqa.selenium.remote.ProtocolHandshake.createSession(ProtocolHandshake.java:128)
	at org.openqa.selenium.remote.ProtocolHandshake.createSession(ProtocolHandshake.java:74)
	at org.openqa.selenium.remote.HttpCommandExecutor.execute(HttpCommandExecutor.java:136)
	at org.openqa.selenium.remote.service.DriverCommandExecutor.execute(DriverCommandExecutor.java:83)
	at org.openqa.selenium.remote.RemoteWebDriver.execute(RemoteWebDriver.java:552)
	at org.openqa.selenium.remote.RemoteWebDriver.startSession(RemoteWebDriver.java:213)
	at org.openqa.selenium.remote.RemoteWebDriver.&lt;init&gt;(RemoteWebDriver.java:131)
	at org.openqa.selenium.chrome.ChromeDriver.&lt;init&gt;(ChromeDriver.java:181)
	at org.openqa.selenium.chrome.ChromeDriver.&lt;init&gt;(ChromeDriver.java:168)
	at org.openqa.selenium.chrome.ChromeDriver.&lt;init&gt;(ChromeDriver.java:123)
	at CronberryTestng.CronberryTestng.integration.BaseClass.login(BaseClass.java:29)
... Removed 24 stack frames</pre></div><a href='#' onClick='toggleBox("stack-trace1075708596", this, "Click to show all stack frames", "Click to hide stack frames")'>Click to show all stack frames</a>
<div class='stack-trace' id='stack-trace1075708596'><pre>org.openqa.selenium.SessionNotCreatedException: session not created: This version of ChromeDriver only supports Chrome version 92
Current browser version is 94.0.4606.61 with binary path /Applications/Google Chrome.app/Contents/MacOS/Google Chrome
Build info: version: &apos;3.141.59&apos;, revision: &apos;e82be7d358&apos;, time: &apos;2018-11-14T08:17:03&apos;
System info: host: &apos;Alcodess-MacBook-Air.local&apos;, ip: &apos;fe80:0:0:0:8f8:f62a:8c51:1c1a%en0&apos;, os.name: &apos;Mac OS X&apos;, os.arch: &apos;x86_64&apos;, os.version: &apos;10.14.6&apos;, java.version: &apos;15.0.1&apos;
Driver info: driver.version: ChromeDriver
remote stacktrace: 0   chromedriver                        0x000000010d740eb9 chromedriver + 3059385
1   chromedriver                        0x000000010de4c963 chromedriver + 10447203
2   chromedriver                        0x000000010d4802e8 chromedriver + 172776
3   chromedriver                        0x000000010d4a616d chromedriver + 328045
4   chromedriver                        0x000000010d4a1ca6 chromedriver + 310438
5   chromedriver                        0x000000010d49e7be chromedriver + 296894
6   chromedriver                        0x000000010d4d754b chromedriver + 529739
7   chromedriver                        0x000000010d4d1b83 chromedriver + 506755
8   chromedriver                        0x000000010d4a8480 chromedriver + 337024
9   chromedriver                        0x000000010d4a9615 chromedriver + 341525
10  chromedriver                        0x000000010d70bd9f chromedriver + 2842015
11  chromedriver                        0x000000010d71c562 chromedriver + 2909538
12  chromedriver                        0x000000010d71d7cc chromedriver + 2914252
13  chromedriver                        0x000000010d6f0f41 chromedriver + 2731841
14  chromedriver                        0x000000010d71dc9f chromedriver + 2915487
15  chromedriver                        0x000000010d70148c chromedriver + 2798732
16  chromedriver                        0x000000010d735c68 chromedriver + 3013736
17  chromedriver                        0x000000010d735df1 chromedriver + 3014129
18  chromedriver                        0x000000010d746b68 chromedriver + 3083112
19  libsystem_pthread.dylib             0x00007fff6dace2eb _pthread_body + 126
20  libsystem_pthread.dylib             0x00007fff6dad1249 _pthread_start + 66
21  libsystem_pthread.dylib             0x00007fff6dacd40d thread_start + 13

	at java.base/jdk.internal.reflect.NativeConstructorAccessorImpl.newInstance0(Native Method)
	at java.base/jdk.internal.reflect.NativeConstructorAccessorImpl.newInstance(NativeConstructorAccessorImpl.java:64)
	at java.base/jdk.internal.reflect.DelegatingConstructorAccessorImpl.newInstance(DelegatingConstructorAccessorImpl.java:45)
	at java.base/java.lang.reflect.Constructor.newInstanceWithCaller(Constructor.java:500)
	at java.base/java.lang.reflect.Constructor.newInstance(Constructor.java:481)
	at org.openqa.selenium.remote.W3CHandshakeResponse.lambda$errorHandler$0(W3CHandshakeResponse.java:62)
	at org.openqa.selenium.remote.HandshakeResponse.lambda$getResponseFunction$0(HandshakeResponse.java:30)
	at org.openqa.selenium.remote.ProtocolHandshake.lambda$createSession$0(ProtocolHandshake.java:126)
	at java.base/java.util.stream.ReferencePipeline$3$1.accept(ReferencePipeline.java:195)
	at java.base/java.util.Spliterators$ArraySpliterator.tryAdvance(Spliterators.java:958)
	at java.base/java.util.stream.ReferencePipeline.forEachWithCancel(ReferencePipeline.java:127)
	at java.base/java.util.stream.AbstractPipeline.copyIntoWithCancel(AbstractPipeline.java:502)
	at java.base/java.util.stream.AbstractPipeline.copyInto(AbstractPipeline.java:488)
	at java.base/java.util.stream.AbstractPipeline.wrapAndCopyInto(AbstractPipeline.java:474)
	at java.base/java.util.stream.FindOps$FindOp.evaluateSequential(FindOps.java:150)
	at java.base/java.util.stream.AbstractPipeline.evaluate(AbstractPipeline.java:234)
	at java.base/java.util.stream.ReferencePipeline.findFirst(ReferencePipeline.java:543)
	at org.openqa.selenium.remote.ProtocolHandshake.createSession(ProtocolHandshake.java:128)
	at org.openqa.selenium.remote.ProtocolHandshake.createSession(ProtocolHandshake.java:74)
	at org.openqa.selenium.remote.HttpCommandExecutor.execute(HttpCommandExecutor.java:136)
	at org.openqa.selenium.remote.service.DriverCommandExecutor.execute(DriverCommandExecutor.java:83)
	at org.openqa.selenium.remote.RemoteWebDriver.execute(RemoteWebDriver.java:552)
	at org.openqa.selenium.remote.RemoteWebDriver.startSession(RemoteWebDriver.java:213)
	at org.openqa.selenium.remote.RemoteWebDriver.&lt;init&gt;(RemoteWebDriver.java:131)
	at org.openqa.selenium.chrome.ChromeDriver.&lt;init&gt;(ChromeDriver.java:181)
	at org.openqa.selenium.chrome.ChromeDriver.&lt;init&gt;(ChromeDriver.java:168)
	at org.openqa.selenium.chrome.ChromeDriver.&lt;init&gt;(ChromeDriver.java:123)
	at CronberryTestng.CronberryTestng.integration.BaseClass.login(BaseClass.java:29)
	at java.base/jdk.internal.reflect.NativeMethodAccessorImpl.invoke0(Native Method)
	at java.base/jdk.internal.reflect.NativeMethodAccessorImpl.invoke(NativeMethodAccessorImpl.java:64)
	at java.base/jdk.internal.reflect.DelegatingMethodAccessorImpl.invoke(DelegatingMethodAccessorImpl.java:43)
	at java.base/java.lang.reflect.Method.invoke(Method.java:564)
	at org.testng.internal.MethodInvocationHelper.invokeMethod(MethodInvocationHelper.java:132)
	at org.testng.internal.MethodInvocationHelper.invokeMethodConsideringTimeout(MethodInvocationHelper.java:61)
	at org.testng.internal.ConfigInvoker.invokeConfigurationMethod(ConfigInvoker.java:366)
	at org.testng.internal.ConfigInvoker.invokeConfigurations(ConfigInvoker.java:320)
	at org.testng.SuiteRunner.privateRun(SuiteRunner.java:327)
	at org.testng.SuiteRunner.run(SuiteRunner.java:286)
	at org.testng.SuiteRunnerWorker.runSuite(SuiteRunnerWorker.java:53)
	at org.testng.SuiteRunnerWorker.run(SuiteRunnerWorker.java:96)
	at org.testng.TestNG.runSuitesSequentially(TestNG.java:1218)
	at org.testng.TestNG.runSuitesLocally(TestNG.java:1140)
	at org.testng.TestNG.runSuites(TestNG.java:1069)
	at org.testng.TestNG.run(TestNG.java:1037)
	at org.testng.remote.AbstractRemoteTestNG.run(AbstractRemoteTestNG.java:115)
	at org.testng.remote.RemoteTestNG.initAndRun(RemoteTestNG.java:251)
	at org.testng.remote.RemoteTestNG.main(RemoteTestNG.java:77)
</pre></div></td>
<td>0</td>
<td>CronberryTestng.CronberryTestng.integration.ProjectIntergration@154bd49b</td></tr>
</table><p>
</body>
</html>