<?xml version="1.0" encoding="UTF-8"?>
<!-- Generated by org.testng.reporters.JUnitXMLReporter -->
<testsuite ignored="0" hostname="Alcodess-MacBook-Air.local" failures="1" tests="1" name="Test" time="0.912" errors="0" timestamp="2021-07-12T16:56:01 IST">
  <testcase classname="CronberryTestng.CronberryTestng.integration.NewClassForTesting" name="testFunctitle" time="0.031">
    <failure type="java.lang.AssertionError">
      <![CDATA[java.lang.AssertionError
at org.junit.Assert.fail(Assert.java:87)
at org.junit.Assert.assertTrue(Assert.java:42)
at org.junit.Assert.assertTrue(Assert.java:53)
at CronberryTestng.CronberryTestng.integration.NewClassForTesting.testFunctitle(NewClassForTesting.java:14)
at java.base/java.util.ArrayList.forEach(ArrayList.java:1511)
at java.base/java.util.concurrent.FutureTask.run(FutureTask.java:264)
at java.base/java.util.concurrent.ThreadPoolExecutor.runWorker(ThreadPoolExecutor.java:1130)
at java.base/java.util.concurrent.ThreadPoolExecutor$Worker.run(ThreadPoolExecutor.java:630)
at java.base/java.lang.Thread.run(Thread.java:832)
... Removed 18 stack frames]]>
    </failure>
  </testcase> <!-- testFunctitle -->
</testsuite> <!-- Test -->
