<?xml version="1.0" encoding="UTF-8"?>
<!-- Generated by org.testng.reporters.JUnitXMLReporter -->
<testsuite ignored="0" hostname="Alcodess-MacBook-Air.local" failures="1" tests="1" name="Test Chrome" time="0.175" errors="0" timestamp="2021-07-13T10:50:06 IST">
  <testcase classname="CronberryTestng.CronberryTestng.integration.NewClassForTesting" name="testFunctitle" time="0.01">
    <failure type="java.lang.AssertionError">
      <![CDATA[java.lang.AssertionError
at org.junit.Assert.fail(Assert.java:87)
at org.junit.Assert.assertTrue(Assert.java:42)
at org.junit.Assert.assertTrue(Assert.java:53)
at CronberryTestng.CronberryTestng.integration.NewClassForTesting.testFunctitle(NewClassForTesting.java:14)
at java.base/java.util.ArrayList.forEach(ArrayList.java:1511)
... Removed 27 stack frames]]>
    </failure>
  </testcase> <!-- testFunctitle -->
</testsuite> <!-- Test Chrome -->
