<?xml version="1.0" encoding="UTF-8"?>
<!-- Generated by org.testng.reporters.JUnitXMLReporter -->
<testsuite ignored="0" hostname="Alcodess-MacBook-Air.local" failures="1" tests="4" name="Test" time="11.758" errors="0" timestamp="2021-08-04T16:41:12 IST">
  <testcase classname="CronberryApiTesting.CronberryApiTesting.ResgiterAudience" name="RegisterAudienceTestCaseOne" time="8.847"/>
  <testcase classname="CronberryApiTesting.CronberryApiTesting.ResgiterAudience" name="RegisterAudienceTestCaseTwo" time="0.368"/>
  <testcase classname="CronberryApiTesting.CronberryApiTesting.ResgiterAudience" name="RegisterAudienceTestCaseTfour" time="0.346">
    <failure type="java.lang.AssertionError" message="1 expectation failed.
JSON path data doesn&amp;apos;t match.
Expected: Invalid Parameters
  Actual: Record submitted successfully
">
      <![CDATA[java.lang.AssertionError: 1 expectation failed.
JSON path data doesn't match.
Expected: Invalid Parameters
  Actual: Record submitted successfully

at org.codehaus.groovy.runtime.callsite.ConstructorSite$ConstructorSiteNoUnwrap.callConstructor(ConstructorSite.java:84)
at org.codehaus.groovy.runtime.callsite.CallSiteArray.defaultCallConstructor(CallSiteArray.java:59)
at org.codehaus.groovy.runtime.callsite.AbstractCallSite.callConstructor(AbstractCallSite.java:263)
at org.codehaus.groovy.runtime.callsite.AbstractCallSite.callConstructor(AbstractCallSite.java:277)
at io.restassured.internal.ResponseSpecificationImpl$HamcrestAssertionClosure.validate(ResponseSpecificationImpl.groovy:493)
at io.restassured.internal.ResponseSpecificationImpl$HamcrestAssertionClosure$validate$1.call(Unknown Source)
at io.restassured.internal.ResponseSpecificationImpl.validateResponseIfRequired(ResponseSpecificationImpl.groovy:674)
at org.codehaus.groovy.runtime.callsite.PlainObjectMetaMethodSite.doInvoke(PlainObjectMetaMethodSite.java:43)
at org.codehaus.groovy.runtime.callsite.PogoMetaMethodSite$PogoCachedMethodSiteNoUnwrapNoCoerce.invoke(PogoMetaMethodSite.java:193)
at org.codehaus.groovy.runtime.callsite.PogoMetaMethodSite.callCurrent(PogoMetaMethodSite.java:61)
at org.codehaus.groovy.runtime.callsite.AbstractCallSite.callCurrent(AbstractCallSite.java:185)
at io.restassured.internal.ResponseSpecificationImpl.body(ResponseSpecificationImpl.groovy:261)
at io.restassured.specification.ResponseSpecification$body$0.callCurrent(Unknown Source)
at io.restassured.internal.ResponseSpecificationImpl.body(ResponseSpecificationImpl.groovy:108)
at io.restassured.internal.ValidatableResponseOptionsImpl.body(ValidatableResponseOptionsImpl.java:244)
at io.restassured.internal.ValidatableResponseImpl.super$2$body(ValidatableResponseImpl.groovy)
at groovy.lang.MetaMethod.doMethodInvoke(MetaMethod.java:323)
at groovy.lang.MetaClassImpl.invokeMethod(MetaClassImpl.java:1268)
at org.codehaus.groovy.runtime.ScriptBytecodeAdapter.invokeMethodOnSuperN(ScriptBytecodeAdapter.java:144)
at io.restassured.internal.ValidatableResponseImpl.body(ValidatableResponseImpl.groovy:298)
at io.restassured.internal.ValidatableResponseImpl.body(ValidatableResponseImpl.groovy)
at CronberryApiTesting.CronberryApiTesting.ResgiterAudience.RegisterAudienceTestCaseTfour(ResgiterAudience.java:161)
at java.base/java.util.ArrayList.forEach(ArrayList.java:1511)
... Removed 43 stack frames]]>
    </failure>
  </testcase> <!-- RegisterAudienceTestCaseTfour -->
  <testcase classname="CronberryApiTesting.CronberryApiTesting.ResgiterAudience" name="RegisterAudienceTestCaseThree" time="0.346"/>
</testsuite> <!-- Test -->
